Change Component Designator: OldDesignator=C? NewDesignator=C91
Change Component Designator: OldDesignator=C? NewDesignator=C112
Change Component Designator: OldDesignator=C? NewDesignator=C113
Change Component Designator: OldDesignator=C? NewDesignator=C114
Change Component Designator: OldDesignator=C? NewDesignator=C115
Change Component Designator: OldDesignator=C? NewDesignator=C137
Change Component Designator: OldDesignator=C? NewDesignator=C138
Change Component Designator: OldDesignator=C? NewDesignator=C139
Change Component Designator: OldDesignator=C? NewDesignator=C140
Change Component Designator: OldDesignator=C? NewDesignator=C141
Change Component Designator: OldDesignator=C? NewDesignator=C142
Change Component Designator: OldDesignator=C? NewDesignator=C143
Change Component Designator: OldDesignator=C? NewDesignator=C144
Change Component Designator: OldDesignator=C? NewDesignator=C145
Change Component Designator: OldDesignator=C? NewDesignator=C146
Change Component Designator: OldDesignator=C? NewDesignator=C147
Change Component Designator: OldDesignator=C? NewDesignator=C148
Change Component Designator: OldDesignator=C? NewDesignator=C149
Change Component Designator: OldDesignator=C? NewDesignator=C150
Change Component Designator: OldDesignator=C? NewDesignator=C151
Change Component Designator: OldDesignator=C? NewDesignator=C152
Change Component Designator: OldDesignator=C? NewDesignator=C153
Change Component Designator: OldDesignator=C? NewDesignator=C154
Change Component Designator: OldDesignator=C? NewDesignator=C155
Change Component Designator: OldDesignator=C? NewDesignator=C156
Change Component Designator: OldDesignator=C? NewDesignator=C157
Change Component Designator: OldDesignator=C? NewDesignator=C158
Change Component Designator: OldDesignator=C? NewDesignator=C159
Change Component Designator: OldDesignator=C? NewDesignator=C160
Change Component Designator: OldDesignator=L? NewDesignator=L10
Change Component Designator: OldDesignator=L? NewDesignator=L11
Change Component Designator: OldDesignator=L? NewDesignator=L12
Change Component Designator: OldDesignator=L? NewDesignator=L13
Change Component Designator: OldDesignator=R? NewDesignator=R40
Change Component Designator: OldDesignator=R? NewDesignator=R41
Change Component Designator: OldDesignator=R? NewDesignator=R133
Change Component Designator: OldDesignator=R? NewDesignator=R134
Change Component Designator: OldDesignator=R? NewDesignator=R135
Change Component Designator: OldDesignator=R? NewDesignator=R140
Change Component Designator: OldDesignator=R? NewDesignator=R171
Change Component Designator: OldDesignator=R? NewDesignator=R184
Change Component Designator: OldDesignator=R? NewDesignator=R185
Change Component Designator: OldDesignator=R? NewDesignator=R186
Change Component Designator: OldDesignator=R? NewDesignator=R187
Change Component Designator: OldDesignator=R? NewDesignator=R188
Change Component Designator: OldDesignator=R? NewDesignator=R189
Change Component Designator: OldDesignator=R? NewDesignator=R190
Change Component Designator: OldDesignator=R? NewDesignator=R191
Change Component Designator: OldDesignator=R? NewDesignator=R192
Change Component Designator: OldDesignator=R? NewDesignator=R193
Change Component Designator: OldDesignator=R? NewDesignator=R194
Change Component Designator: OldDesignator=R? NewDesignator=R195
Change Component Designator: OldDesignator=R? NewDesignator=R196
Change Component Designator: OldDesignator=T? NewDesignator=T1
Change Component Designator: OldDesignator=U? NewDesignator=U9
Change Net Name : Old Net Name=NetC?_1 New Net Name=NetC91_1
Change Net Name : Old Net Name=NetC?_2 New Net Name=NetC143_2
Change Net Name : Old Net Name=NetR?_1 New Net Name=NetR194_1
Change Net Name : Old Net Name=NetR?_2 New Net Name=NetR196_2
Change Net Name : Old Net Name=NetU?_41 New Net Name=NetU9_41
Change Net Name : Old Net Name=NetU?_42 New Net Name=NetU9_42
Change Net Name : Old Net Name=NetU?_43 New Net Name=NetU9_43
Added Pin To Net: NetName=NetC91_2 Pin=C91-2
Added Pin To Net: NetName=NetC91_2 Pin=U9-1
Added Net: Name=NetC91_2
Added Pin To Net: NetName=NetC114_2 Pin=C114-2
Added Pin To Net: NetName=NetC114_2 Pin=R41-2
Added Net: Name=NetC114_2
Added Pin To Net: NetName=NetC115_2 Pin=C115-2
Added Pin To Net: NetName=NetC115_2 Pin=R41-1
Added Pin To Net: NetName=NetC115_2 Pin=U9-46
Added Net: Name=NetC115_2
Added Pin To Net: NetName=NetC137_2 Pin=C137-2
Added Pin To Net: NetName=NetC137_2 Pin=U9-45
Added Net: Name=NetC137_2
Added Pin To Net: NetName=NetC138_1 Pin=C138-1
Added Pin To Net: NetName=NetC138_1 Pin=L11-2
Added Pin To Net: NetName=NetC138_1 Pin=U9-9
Added Pin To Net: NetName=NetC138_1 Pin=U9-10
Added Pin To Net: NetName=NetC138_1 Pin=U9-11
Added Net: Name=NetC138_1
Added Pin To Net: NetName=NetC138_2 Pin=C138-2
Added Pin To Net: NetName=NetC138_2 Pin=U9-12
Added Net: Name=NetC138_2
Added Pin To Net: NetName=NetC141_2 Pin=C141-2
Added Pin To Net: NetName=NetC141_2 Pin=R140-1
Added Net: Name=NetC141_2
Added Pin To Net: NetName=NetC142_2 Pin=C142-2
Added Pin To Net: NetName=NetC142_2 Pin=R140-2
Added Pin To Net: NetName=NetC142_2 Pin=U9-15
Added Net: Name=NetC142_2
Added Pin To Net: NetName=NetC144_1 Pin=C144-1
Added Pin To Net: NetName=NetC144_1 Pin=L12-2
Added Pin To Net: NetName=NetC144_1 Pin=U9-29
Added Net: Name=NetC144_1
Added Pin To Net: NetName=NetC144_2 Pin=C144-2
Added Pin To Net: NetName=NetC144_2 Pin=U9-28
Added Net: Name=NetC144_2
Added Pin To Net: NetName=NetC147_2 Pin=C147-2
Added Pin To Net: NetName=NetC147_2 Pin=R186-1
Added Net: Name=NetC147_2
Added Pin To Net: NetName=NetC148_2 Pin=C148-2
Added Pin To Net: NetName=NetC148_2 Pin=R186-2
Added Pin To Net: NetName=NetC148_2 Pin=U9-25
Added Net: Name=NetC148_2
Added Pin To Net: NetName=NetC149_2 Pin=C149-2
Added Pin To Net: NetName=NetC149_2 Pin=U9-24
Added Net: Name=NetC149_2
Added Pin To Net: NetName=NetC150_1 Pin=C150-1
Added Pin To Net: NetName=NetC150_1 Pin=L13-2
Added Pin To Net: NetName=NetC150_1 Pin=U9-32
Added Net: Name=NetC150_1
Added Pin To Net: NetName=NetC150_2 Pin=C150-2
Added Pin To Net: NetName=NetC150_2 Pin=U9-33
Added Net: Name=NetC150_2
Added Pin To Net: NetName=NetC153_2 Pin=C153-2
Added Pin To Net: NetName=NetC153_2 Pin=R190-1
Added Net: Name=NetC153_2
Added Pin To Net: NetName=NetC154_2 Pin=C154-2
Added Pin To Net: NetName=NetC154_2 Pin=R190-2
Added Pin To Net: NetName=NetC154_2 Pin=U9-36
Added Net: Name=NetC154_2
Added Pin To Net: NetName=NetC155_2 Pin=C155-2
Added Pin To Net: NetName=NetC155_2 Pin=U9-37
Added Net: Name=NetC155_2
Added Pin To Net: NetName=NetC159_2 Pin=C159-2
Added Pin To Net: NetName=NetC159_2 Pin=U9-18
Added Net: Name=NetC159_2
Added Pin To Net: NetName=NetC160_2 Pin=C160-2
Added Pin To Net: NetName=NetC160_2 Pin=U9-19
Added Net: Name=NetC160_2
Added Pin To Net: NetName=NetR40_2 Pin=R40-2
Added Pin To Net: NetName=NetR40_2 Pin=U9-48
Added Net: Name=NetR40_2
Added Pin To Net: NetName=NetR133_2 Pin=R133-2
Added Pin To Net: NetName=NetR133_2 Pin=R134-1
Added Pin To Net: NetName=NetR133_2 Pin=U9-47
Added Net: Name=NetR133_2
Added Pin To Net: NetName=NetR135_2 Pin=R135-2
Added Pin To Net: NetName=NetR135_2 Pin=U9-13
Added Net: Name=NetR135_2
Added Pin To Net: NetName=NetR171_2 Pin=R171-2
Added Pin To Net: NetName=NetR171_2 Pin=R184-1
Added Pin To Net: NetName=NetR171_2 Pin=U9-14
Added Net: Name=NetR171_2
Added Pin To Net: NetName=NetR185_2 Pin=R185-2
Added Pin To Net: NetName=NetR185_2 Pin=U9-27
Added Net: Name=NetR185_2
Added Pin To Net: NetName=NetR187_2 Pin=R187-2
Added Pin To Net: NetName=NetR187_2 Pin=R188-1
Added Pin To Net: NetName=NetR187_2 Pin=U9-26
Added Net: Name=NetR187_2
Added Pin To Net: NetName=NetR189_2 Pin=R189-2
Added Pin To Net: NetName=NetR189_2 Pin=U9-34
Added Net: Name=NetR189_2
Added Pin To Net: NetName=NetR191_2 Pin=R191-2
Added Pin To Net: NetName=NetR191_2 Pin=R192-1
Added Pin To Net: NetName=NetR191_2 Pin=U9-35
Added Net: Name=NetR191_2
Added Pin To Net: NetName=NetR193_1 Pin=R193-1
Added Pin To Net: NetName=NetR193_1 Pin=T1-1
Added Pin To Net: NetName=NetR193_1 Pin=U9-17
Added Net: Name=NetR193_1
Added Pin To Net: NetName=NetR195_2 Pin=R195-2
Added Pin To Net: NetName=NetR195_2 Pin=U9-39
Added Net: Name=NetR195_2
Added Member To Class: ClassName=Main Regulators Member=Component C91 0.1uF
Added Member To Class: ClassName=Main Regulators Member=Component C112 C_0805_22µF_35V
Added Member To Class: ClassName=Main Regulators Member=Component C113 10µF
Added Member To Class: ClassName=Main Regulators Member=Component C114 C_0402_3.3nF_50V
Added Member To Class: ClassName=Main Regulators Member=Component C115 C_0402_36pF
Added Member To Class: ClassName=Main Regulators Member=Component C137 C_0402_68nF
Added Member To Class: ClassName=Main Regulators Member=Component C138 0.1uF
Added Member To Class: ClassName=Main Regulators Member=Component C139 C_0805_22µF_35V
Added Member To Class: ClassName=Main Regulators Member=Component C140 10µF
Added Member To Class: ClassName=Main Regulators Member=Component C141 C_0402_3.3nF_50V
Added Member To Class: ClassName=Main Regulators Member=Component C142 C_0402_36pF
Added Member To Class: ClassName=Main Regulators Member=Component C143 C_0402_68nF
Added Member To Class: ClassName=Main Regulators Member=Component C144 0.1uF
Added Member To Class: ClassName=Main Regulators Member=Component C145 C_0805_22µF_35V
Added Member To Class: ClassName=Main Regulators Member=Component C146 10µF
Added Member To Class: ClassName=Main Regulators Member=Component C147 C_0402_3.3nF_50V
Added Member To Class: ClassName=Main Regulators Member=Component C148 12pF
Added Member To Class: ClassName=Main Regulators Member=Component C149 C_0402_68nF
Added Member To Class: ClassName=Main Regulators Member=Component C150 0.1uF
Added Member To Class: ClassName=Main Regulators Member=Component C152 10µF
Added Member To Class: ClassName=Main Regulators Member=Component C153 C_0402_3.3nF_50V
Added Member To Class: ClassName=Main Regulators Member=Component C154 47pF
Added Member To Class: ClassName=Main Regulators Member=Component C155 C_0402_68nF
Added Member To Class: ClassName=Main Regulators Member=Component C156 C_0805_22µF_35V
Added Member To Class: ClassName=Main Regulators Member=Component C157 C_0805_22µF_35V
Added Member To Class: ClassName=Main Regulators Member=Component C158 4.7µF
Added Member To Class: ClassName=Main Regulators Member=Component C159 4.7µF
Added Member To Class: ClassName=Main Regulators Member=Component C160 4.7µF
Added Member To Class: ClassName=Main Regulators Member=Component L10 L_MPLC0730L4R7
Added Member To Class: ClassName=Main Regulators Member=Component L11 L_MPLC0730L4R7
Added Member To Class: ClassName=Main Regulators Member=Component L12 L_MPLC0730L4R7
Added Member To Class: ClassName=Main Regulators Member=Component R40 R_0402_10.0K
Added Member To Class: ClassName=Main Regulators Member=Component R41 R_0402_9.53K
Added Member To Class: ClassName=Main Regulators Member=Component R133 R_0402_118K
Added Member To Class: ClassName=Main Regulators Member=Component R134 R_0402_22.0K
Added Member To Class: ClassName=Main Regulators Member=Component R135 R_0402_10.0K
Added Member To Class: ClassName=Main Regulators Member=Component R140 R_0402_6.49k
Added Member To Class: ClassName=Main Regulators Member=Component R171 R_0402_69.8K
Added Member To Class: ClassName=Main Regulators Member=Component R184 R_0402_22.0K
Added Member To Class: ClassName=Main Regulators Member=Component R185 R_0402_10.0K
Added Member To Class: ClassName=Main Regulators Member=Component R186 R_0402_10.2k
Added Member To Class: ClassName=Main Regulators Member=Component R187 R_0402_36.0K
Added Member To Class: ClassName=Main Regulators Member=Component R188 R_0402_22.0K
Added Member To Class: ClassName=Main Regulators Member=Component R189 R_0402_10.0K
Added Member To Class: ClassName=Main Regulators Member=Component R190 R_0402_10.2k
Added Member To Class: ClassName=Main Regulators Member=Component R191 R_0402_36.0K
Added Member To Class: ClassName=Main Regulators Member=Component R192 R_0402_22.0K
Added Member To Class: ClassName=Main Regulators Member=Component R194 R_0402_442k
Added Member To Class: ClassName=Main Regulators Member=Component R195 R_0402_10.0K
Added Member To Class: ClassName=Main Regulators Member=Component R196 R_0402_10.0K
