Removed Pin From Net: NetName=CART_DET_N Pin=J18-17
Removed Pin From Net: NetName=CART_INT_N Pin=J18-19
Removed Pin From Net: NetName=B1_CLK0 Pin=J18-25
Removed Pin From Net: NetName=B2_CLK0_P Pin=J18-26
Removed Pin From Net: NetName=B1_CLK1 Pin=J18-27
Removed Pin From Net: NetName=B2_CLK0_N Pin=J18-28
Removed Pin From Net: NetName=B1_DAT0 Pin=J18-29
Removed Pin From Net: NetName=B2_CLK1_P Pin=J18-30
Removed Pin From Net: NetName=B1_DAT1 Pin=J18-31
Removed Pin From Net: NetName=B2_CLK1_N Pin=J18-32
Removed Pin From Net: NetName=B1_DAT2 Pin=J18-33
Removed Pin From Net: NetName=B2_DAT0_P Pin=J18-34
Removed Pin From Net: NetName=B1_DAT3 Pin=J18-35
Removed Pin From Net: NetName=B2_DAT0_N Pin=J18-36
Removed Pin From Net: NetName=B1_DAT4 Pin=J18-37
Removed Pin From Net: NetName=B2_DAT1_P Pin=J18-38
Removed Pin From Net: NetName=B1_DAT5 Pin=J18-39
Removed Pin From Net: NetName=B2_DAT1_N Pin=J18-40
Removed Pin From Net: NetName=B1_DAT6 Pin=J18-49
Removed Pin From Net: NetName=B2_DAT2_P Pin=J18-50
Removed Pin From Net: NetName=B1_DAT7 Pin=J18-51
Removed Pin From Net: NetName=B2_DAT2_N Pin=J18-52
Removed Pin From Net: NetName=B1_DAT8 Pin=J18-53
Removed Pin From Net: NetName=B2_DAT3_P Pin=J18-54
Removed Pin From Net: NetName=B1_DAT9 Pin=J18-55
Removed Pin From Net: NetName=B2_DAT3_N Pin=J18-56
Removed Pin From Net: NetName=B1_DAT10 Pin=J18-57
Removed Pin From Net: NetName=B2_DAT4_P Pin=J18-58
Removed Pin From Net: NetName=B1_DAT11 Pin=J18-59
Removed Pin From Net: NetName=B2_DAT4_N Pin=J18-60
Removed Pin From Net: NetName=B1_DAT12 Pin=J18-61
Removed Pin From Net: NetName=B2_DAT5_P Pin=J18-62
Removed Pin From Net: NetName=B1_DAT13 Pin=J18-63
Removed Pin From Net: NetName=B2_DAT5_N Pin=J18-64
Removed Pin From Net: NetName=B1_DAT14 Pin=J18-65
Removed Pin From Net: NetName=B2_DAT6_P Pin=J18-66
Removed Pin From Net: NetName=B1_DAT15 Pin=J18-67
Removed Pin From Net: NetName=B2_DAT6_N Pin=J18-68
Removed Pin From Net: NetName=B1_DAT16 Pin=J18-69
Removed Pin From Net: NetName=B2_DAT7_P Pin=J18-70
Removed Pin From Net: NetName=B1_DAT17 Pin=J18-71
Removed Pin From Net: NetName=B2_DAT7_N Pin=J18-72
Removed Pin From Net: NetName=B1_DAT18 Pin=J18-73
Removed Pin From Net: NetName=B2_DAT8_P Pin=J18-74
Removed Pin From Net: NetName=B1_DAT19 Pin=J18-75
Removed Pin From Net: NetName=B2_DAT8_N Pin=J18-76
Removed Pin From Net: NetName=B1_DAT20 Pin=J18-77
Removed Pin From Net: NetName=B2_DAT9_P Pin=J18-78
Removed Pin From Net: NetName=B1_DAT21 Pin=J18-79
Removed Pin From Net: NetName=B2_DAT9_N Pin=J18-80
Removed Pin From Net: NetName=B1_DAT22 Pin=J18-81
Removed Pin From Net: NetName=B2_DAT10_P Pin=J18-82
Removed Pin From Net: NetName=B1_DAT23 Pin=J18-83
Removed Pin From Net: NetName=B2_DAT10_N Pin=J18-84
Removed Pin From Net: NetName=B1_DAT24 Pin=J18-85
Removed Pin From Net: NetName=B2_DAT11_P Pin=J18-86
Removed Pin From Net: NetName=B1_DAT25 Pin=J18-87
Removed Pin From Net: NetName=B2_DAT11_N Pin=J18-88
Removed Pin From Net: NetName=B1_DAT26 Pin=J18-89
Removed Pin From Net: NetName=B2_DAT12_P Pin=J18-90
Removed Pin From Net: NetName=B1_DAT27 Pin=J18-91
Removed Pin From Net: NetName=B2_DAT12_N Pin=J18-92
Removed Pin From Net: NetName=B1_DAT28 Pin=J18-93
Change Component Designator: OldDesignator=R? NewDesignator=R200
Added Pin To Net: NetName=B2_CLK0_P Pin=J18-25
Added Pin To Net: NetName=CART_DET_N Pin=J18-26
Added Pin To Net: NetName=B2_CLK0_N Pin=J18-27
Added Pin To Net: NetName=CART_INT_N Pin=J18-28
Added Pin To Net: NetName=B2_CLK1_P Pin=J18-29
Added Pin To Net: NetName=B1_CLK0 Pin=J18-30
Added Pin To Net: NetName=B2_CLK1_N Pin=J18-31
Added Pin To Net: NetName=B1_CLK1 Pin=J18-32
Added Pin To Net: NetName=B2_DAT0_P Pin=J18-33
Added Pin To Net: NetName=B1_DAT0 Pin=J18-34
Added Pin To Net: NetName=B2_DAT0_N Pin=J18-35
Added Pin To Net: NetName=B1_DAT1 Pin=J18-36
Added Pin To Net: NetName=B2_DAT1_P Pin=J18-37
Added Pin To Net: NetName=B1_DAT2 Pin=J18-38
Added Pin To Net: NetName=B2_DAT1_N Pin=J18-39
Added Pin To Net: NetName=B1_DAT3 Pin=J18-40
Added Pin To Net: NetName=B2_DAT2_P Pin=J18-49
Added Pin To Net: NetName=B1_DAT4 Pin=J18-50
Added Pin To Net: NetName=B2_DAT2_N Pin=J18-51
Added Pin To Net: NetName=B1_DAT5 Pin=J18-52
Added Pin To Net: NetName=B2_DAT3_P Pin=J18-53
Added Pin To Net: NetName=B1_DAT6 Pin=J18-54
Added Pin To Net: NetName=B2_DAT3_N Pin=J18-55
Added Pin To Net: NetName=B1_DAT7 Pin=J18-56
Added Pin To Net: NetName=B2_DAT4_P Pin=J18-57
Added Pin To Net: NetName=B1_DAT8 Pin=J18-58
Added Pin To Net: NetName=B2_DAT4_N Pin=J18-59
Added Pin To Net: NetName=B1_DAT9 Pin=J18-60
Added Pin To Net: NetName=B2_DAT5_P Pin=J18-61
Added Pin To Net: NetName=B1_DAT10 Pin=J18-62
Added Pin To Net: NetName=B2_DAT5_N Pin=J18-63
Added Pin To Net: NetName=B1_DAT11 Pin=J18-64
Added Pin To Net: NetName=B2_DAT6_P Pin=J18-65
Added Pin To Net: NetName=B1_DAT12 Pin=J18-66
Added Pin To Net: NetName=B2_DAT6_N Pin=J18-67
Added Pin To Net: NetName=B1_DAT13 Pin=J18-68
Added Pin To Net: NetName=B2_DAT7_P Pin=J18-69
Added Pin To Net: NetName=B1_DAT14 Pin=J18-70
Added Pin To Net: NetName=B2_DAT7_N Pin=J18-71
Added Pin To Net: NetName=B1_DAT15 Pin=J18-72
Added Pin To Net: NetName=B2_DAT8_P Pin=J18-73
Added Pin To Net: NetName=B1_DAT16 Pin=J18-74
Added Pin To Net: NetName=B2_DAT8_N Pin=J18-75
Added Pin To Net: NetName=B1_DAT17 Pin=J18-76
Added Pin To Net: NetName=B2_DAT9_P Pin=J18-77
Added Pin To Net: NetName=B1_DAT18 Pin=J18-78
Added Pin To Net: NetName=B2_DAT9_N Pin=J18-79
Added Pin To Net: NetName=B1_DAT19 Pin=J18-80
Added Pin To Net: NetName=B2_DAT10_P Pin=J18-81
Added Pin To Net: NetName=B1_DAT20 Pin=J18-82
Added Pin To Net: NetName=B2_DAT10_N Pin=J18-83
Added Pin To Net: NetName=B1_DAT21 Pin=J18-84
Added Pin To Net: NetName=B2_DAT11_P Pin=J18-85
Added Pin To Net: NetName=B1_DAT22 Pin=J18-86
Added Pin To Net: NetName=B2_DAT11_N Pin=J18-87
Added Pin To Net: NetName=B1_DAT23 Pin=J18-88
Added Pin To Net: NetName=B2_DAT12_P Pin=J18-89
Added Pin To Net: NetName=B1_DAT24 Pin=J18-90
Added Pin To Net: NetName=B2_DAT12_N Pin=J18-91
Added Pin To Net: NetName=B1_DAT25 Pin=J18-92
Added Pin To Net: NetName=B1_DAT26 Pin=J18-94
