Added Component: Designator=R79(R_0402)
Add component. Clean all parameters for all variants
Add component (AddParameter): Name = "Case"; Value = "0402"; VariantName = "[No Variations]"
Add component (AddParameter): Name = "Category"; Value = "Resistors"; VariantName = "[No Variations]"
Add component (AddParameter): Name = "ComponentLink1Description"; Value = "http://www.seielect.com/Catalog/SEI-RMCF_RMCP.pdf"; VariantName = "[No Variations]"
Add component (AddParameter): Name = "ComponentLink1URL"; Value = "http://www.seielect.com/Catalog/SEI-RMCF_RMCP.pdf"; VariantName = "[No Variations]"
Add component (AddParameter): Name = "Composition"; Value = "Thick Film"; VariantName = "[No Variations]"
Add component (AddParameter): Name = "Features"; Value = "-"; VariantName = "[No Variations]"
Add component (AddParameter): Name = "Height"; Value = "0.016" (0.40mm)"; VariantName = "[No Variations]"
Add component (AddParameter): Name = "Manufacturer"; Value = "Stackpole Electronics Inc"; VariantName = "[No Variations]"
Add component (AddParameter): Name = "Manufacturer Part Number"; Value = "RMCF0402FT10K0"; VariantName = "[No Variations]"
Add component (AddParameter): Name = "Number of Terminations"; Value = "2"; VariantName = "[No Variations]"
Add component (AddParameter): Name = "Package / Case"; Value = "0402 (1005 Metric)"; VariantName = "[No Variations]"
Add component (AddParameter): Name = "Packaging"; Value = "Cut Tape (CT)"; VariantName = "[No Variations]"
Add component (AddParameter): Name = "Power (Watts)"; Value = "1/16W"; VariantName = "[No Variations]"
Add component (AddParameter): Name = "Pricing"; Value = "1=0.04, 10=0.025, 50=0.0138, 100=0.0105, 250=0.0078, 500=0.00576, 1000=0.00384, 2500=0.00324, 5000=0.0027 (USD)"; VariantName = "[No Variations]"
Add component (AddParameter): Name = "Resistance (Ohms)"; Value = "10k"; VariantName = "[No Variations]"
Add component (AddParameter): Name = "Resistance In Ohms"; Value = "10.0K"; VariantName = "[No Variations]"
Add component (AddParameter): Name = "RoHS"; Value = "RoHS Compliant"; VariantName = "[No Variations]"
Add component (AddParameter): Name = "Size / Dimension"; Value = "0.039" L x 0.020" W (1.00mm x 0.50mm)"; VariantName = "[No Variations]"
Add component (AddParameter): Name = "Stock 1"; Value = "234525"; VariantName = "[No Variations]"
Add component (AddParameter): Name = "Supplier 1"; Value = "Digi-Key"; VariantName = "[No Variations]"
Add component (AddParameter): Name = "Supplier Part Number 1"; Value = "RMCF0402FT10K0CT-ND"; VariantName = "[No Variations]"
Add component (AddParameter): Name = "Temperature Coefficient"; Value = "±100ppm/°C"; VariantName = "[No Variations]"
Add component (AddParameter): Name = "Tolerance"; Value = "±1%"; VariantName = "[No Variations]"
Added Component: Designator=R80(R_0402)
Add component. Clean all parameters for all variants
Add component (AddParameter): Name = "Case"; Value = "0402"; VariantName = "[No Variations]"
Add component (AddParameter): Name = "Category"; Value = "Resistors"; VariantName = "[No Variations]"
Add component (AddParameter): Name = "ComponentLink1Description"; Value = "http://www.seielect.com/Catalog/SEI-RMCF_RMCP.pdf"; VariantName = "[No Variations]"
Add component (AddParameter): Name = "ComponentLink1URL"; Value = "http://www.seielect.com/Catalog/SEI-RMCF_RMCP.pdf"; VariantName = "[No Variations]"
Add component (AddParameter): Name = "Composition"; Value = "Thick Film"; VariantName = "[No Variations]"
Add component (AddParameter): Name = "Features"; Value = "-"; VariantName = "[No Variations]"
Add component (AddParameter): Name = "Height"; Value = "0.016" (0.40mm)"; VariantName = "[No Variations]"
Add component (AddParameter): Name = "Manufacturer"; Value = "Stackpole Electronics Inc"; VariantName = "[No Variations]"
Add component (AddParameter): Name = "Manufacturer Part Number"; Value = "RMCF0402FT10K0"; VariantName = "[No Variations]"
Add component (AddParameter): Name = "Number of Terminations"; Value = "2"; VariantName = "[No Variations]"
Add component (AddParameter): Name = "Package / Case"; Value = "0402 (1005 Metric)"; VariantName = "[No Variations]"
Add component (AddParameter): Name = "Packaging"; Value = "Cut Tape (CT)"; VariantName = "[No Variations]"
Add component (AddParameter): Name = "Power (Watts)"; Value = "1/16W"; VariantName = "[No Variations]"
Add component (AddParameter): Name = "Pricing"; Value = "1=0.04, 10=0.025, 50=0.0138, 100=0.0105, 250=0.0078, 500=0.00576, 1000=0.00384, 2500=0.00324, 5000=0.0027 (USD)"; VariantName = "[No Variations]"
Add component (AddParameter): Name = "Resistance (Ohms)"; Value = "10k"; VariantName = "[No Variations]"
Add component (AddParameter): Name = "Resistance In Ohms"; Value = "10.0K"; VariantName = "[No Variations]"
Add component (AddParameter): Name = "RoHS"; Value = "RoHS Compliant"; VariantName = "[No Variations]"
Add component (AddParameter): Name = "Size / Dimension"; Value = "0.039" L x 0.020" W (1.00mm x 0.50mm)"; VariantName = "[No Variations]"
Add component (AddParameter): Name = "Stock 1"; Value = "234525"; VariantName = "[No Variations]"
Add component (AddParameter): Name = "Supplier 1"; Value = "Digi-Key"; VariantName = "[No Variations]"
Add component (AddParameter): Name = "Supplier Part Number 1"; Value = "RMCF0402FT10K0CT-ND"; VariantName = "[No Variations]"
Add component (AddParameter): Name = "Temperature Coefficient"; Value = "±100ppm/°C"; VariantName = "[No Variations]"
Add component (AddParameter): Name = "Tolerance"; Value = "±1%"; VariantName = "[No Variations]"
Added Component: Designator=R81(R_0402)
Add component. Clean all parameters for all variants
Add component (AddParameter): Name = "Case"; Value = "0402"; VariantName = "[No Variations]"
Add component (AddParameter): Name = "Category"; Value = "Resistors"; VariantName = "[No Variations]"
Add component (AddParameter): Name = "ComponentLink1Description"; Value = "http://www.seielect.com/Catalog/SEI-RMCF_RMCP.pdf"; VariantName = "[No Variations]"
Add component (AddParameter): Name = "ComponentLink1URL"; Value = "http://www.seielect.com/Catalog/SEI-RMCF_RMCP.pdf"; VariantName = "[No Variations]"
Add component (AddParameter): Name = "Composition"; Value = "Thick Film"; VariantName = "[No Variations]"
Add component (AddParameter): Name = "Features"; Value = "-"; VariantName = "[No Variations]"
Add component (AddParameter): Name = "Height"; Value = "0.016" (0.40mm)"; VariantName = "[No Variations]"
Add component (AddParameter): Name = "Manufacturer"; Value = "Stackpole Electronics Inc"; VariantName = "[No Variations]"
Add component (AddParameter): Name = "Manufacturer Part Number"; Value = "RMCF0402FT10K0"; VariantName = "[No Variations]"
Add component (AddParameter): Name = "Number of Terminations"; Value = "2"; VariantName = "[No Variations]"
Add component (AddParameter): Name = "Package / Case"; Value = "0402 (1005 Metric)"; VariantName = "[No Variations]"
Add component (AddParameter): Name = "Packaging"; Value = "Cut Tape (CT)"; VariantName = "[No Variations]"
Add component (AddParameter): Name = "Power (Watts)"; Value = "1/16W"; VariantName = "[No Variations]"
Add component (AddParameter): Name = "Pricing"; Value = "1=0.04, 10=0.025, 50=0.0138, 100=0.0105, 250=0.0078, 500=0.00576, 1000=0.00384, 2500=0.00324, 5000=0.0027 (USD)"; VariantName = "[No Variations]"
Add component (AddParameter): Name = "Resistance (Ohms)"; Value = "10k"; VariantName = "[No Variations]"
Add component (AddParameter): Name = "Resistance In Ohms"; Value = "10.0K"; VariantName = "[No Variations]"
Add component (AddParameter): Name = "RoHS"; Value = "RoHS Compliant"; VariantName = "[No Variations]"
Add component (AddParameter): Name = "Size / Dimension"; Value = "0.039" L x 0.020" W (1.00mm x 0.50mm)"; VariantName = "[No Variations]"
Add component (AddParameter): Name = "Stock 1"; Value = "234525"; VariantName = "[No Variations]"
Add component (AddParameter): Name = "Supplier 1"; Value = "Digi-Key"; VariantName = "[No Variations]"
Add component (AddParameter): Name = "Supplier Part Number 1"; Value = "RMCF0402FT10K0CT-ND"; VariantName = "[No Variations]"
Add component (AddParameter): Name = "Temperature Coefficient"; Value = "±100ppm/°C"; VariantName = "[No Variations]"
Add component (AddParameter): Name = "Tolerance"; Value = "±1%"; VariantName = "[No Variations]"
Added Component: Designator=R82(R_0402)
Add component. Clean all parameters for all variants
Add component (AddParameter): Name = "Case"; Value = "0402"; VariantName = "[No Variations]"
Add component (AddParameter): Name = "Category"; Value = "Resistors"; VariantName = "[No Variations]"
Add component (AddParameter): Name = "ComponentLink1Description"; Value = "http://www.seielect.com/Catalog/SEI-RMCF_RMCP.pdf"; VariantName = "[No Variations]"
Add component (AddParameter): Name = "ComponentLink1URL"; Value = "http://www.seielect.com/Catalog/SEI-RMCF_RMCP.pdf"; VariantName = "[No Variations]"
Add component (AddParameter): Name = "Composition"; Value = "Thick Film"; VariantName = "[No Variations]"
Add component (AddParameter): Name = "Features"; Value = "-"; VariantName = "[No Variations]"
Add component (AddParameter): Name = "Height"; Value = "0.016" (0.40mm)"; VariantName = "[No Variations]"
Add component (AddParameter): Name = "Manufacturer"; Value = "Stackpole Electronics Inc"; VariantName = "[No Variations]"
Add component (AddParameter): Name = "Manufacturer Part Number"; Value = "RMCF0402FT10K0"; VariantName = "[No Variations]"
Add component (AddParameter): Name = "Number of Terminations"; Value = "2"; VariantName = "[No Variations]"
Add component (AddParameter): Name = "Package / Case"; Value = "0402 (1005 Metric)"; VariantName = "[No Variations]"
Add component (AddParameter): Name = "Packaging"; Value = "Cut Tape (CT)"; VariantName = "[No Variations]"
Add component (AddParameter): Name = "Power (Watts)"; Value = "1/16W"; VariantName = "[No Variations]"
Add component (AddParameter): Name = "Pricing"; Value = "1=0.04, 10=0.025, 50=0.0138, 100=0.0105, 250=0.0078, 500=0.00576, 1000=0.00384, 2500=0.00324, 5000=0.0027 (USD)"; VariantName = "[No Variations]"
Add component (AddParameter): Name = "Resistance (Ohms)"; Value = "10k"; VariantName = "[No Variations]"
Add component (AddParameter): Name = "Resistance In Ohms"; Value = "10.0K"; VariantName = "[No Variations]"
Add component (AddParameter): Name = "RoHS"; Value = "RoHS Compliant"; VariantName = "[No Variations]"
Add component (AddParameter): Name = "Size / Dimension"; Value = "0.039" L x 0.020" W (1.00mm x 0.50mm)"; VariantName = "[No Variations]"
Add component (AddParameter): Name = "Stock 1"; Value = "234525"; VariantName = "[No Variations]"
Add component (AddParameter): Name = "Supplier 1"; Value = "Digi-Key"; VariantName = "[No Variations]"
Add component (AddParameter): Name = "Supplier Part Number 1"; Value = "RMCF0402FT10K0CT-ND"; VariantName = "[No Variations]"
Add component (AddParameter): Name = "Temperature Coefficient"; Value = "±100ppm/°C"; VariantName = "[No Variations]"
Add component (AddParameter): Name = "Tolerance"; Value = "±1%"; VariantName = "[No Variations]"
Added Component: Designator=R83(R_0402)
Add component. Clean all parameters for all variants
Add component (AddParameter): Name = "Case"; Value = "0402"; VariantName = "[No Variations]"
Add component (AddParameter): Name = "Category"; Value = "Resistors"; VariantName = "[No Variations]"
Add component (AddParameter): Name = "ComponentLink1Description"; Value = "http://www.seielect.com/Catalog/SEI-RMCF_RMCP.pdf"; VariantName = "[No Variations]"
Add component (AddParameter): Name = "ComponentLink1URL"; Value = "http://www.seielect.com/Catalog/SEI-RMCF_RMCP.pdf"; VariantName = "[No Variations]"
Add component (AddParameter): Name = "Composition"; Value = "Thick Film"; VariantName = "[No Variations]"
Add component (AddParameter): Name = "Features"; Value = "-"; VariantName = "[No Variations]"
Add component (AddParameter): Name = "Height"; Value = "0.016" (0.40mm)"; VariantName = "[No Variations]"
Add component (AddParameter): Name = "Manufacturer"; Value = "Stackpole Electronics Inc"; VariantName = "[No Variations]"
Add component (AddParameter): Name = "Manufacturer Part Number"; Value = "RMCF0402FT10K0"; VariantName = "[No Variations]"
Add component (AddParameter): Name = "Number of Terminations"; Value = "2"; VariantName = "[No Variations]"
Add component (AddParameter): Name = "Package / Case"; Value = "0402 (1005 Metric)"; VariantName = "[No Variations]"
Add component (AddParameter): Name = "Packaging"; Value = "Cut Tape (CT)"; VariantName = "[No Variations]"
Add component (AddParameter): Name = "Power (Watts)"; Value = "1/16W"; VariantName = "[No Variations]"
Add component (AddParameter): Name = "Pricing"; Value = "1=0.04, 10=0.025, 50=0.0138, 100=0.0105, 250=0.0078, 500=0.00576, 1000=0.00384, 2500=0.00324, 5000=0.0027 (USD)"; VariantName = "[No Variations]"
Add component (AddParameter): Name = "Resistance (Ohms)"; Value = "10k"; VariantName = "[No Variations]"
Add component (AddParameter): Name = "Resistance In Ohms"; Value = "10.0K"; VariantName = "[No Variations]"
Add component (AddParameter): Name = "RoHS"; Value = "RoHS Compliant"; VariantName = "[No Variations]"
Add component (AddParameter): Name = "Size / Dimension"; Value = "0.039" L x 0.020" W (1.00mm x 0.50mm)"; VariantName = "[No Variations]"
Add component (AddParameter): Name = "Stock 1"; Value = "234525"; VariantName = "[No Variations]"
Add component (AddParameter): Name = "Supplier 1"; Value = "Digi-Key"; VariantName = "[No Variations]"
Add component (AddParameter): Name = "Supplier Part Number 1"; Value = "RMCF0402FT10K0CT-ND"; VariantName = "[No Variations]"
Add component (AddParameter): Name = "Temperature Coefficient"; Value = "±100ppm/°C"; VariantName = "[No Variations]"
Add component (AddParameter): Name = "Tolerance"; Value = "±1%"; VariantName = "[No Variations]"
Added Component: Designator=R84(R_0402)
Add component. Clean all parameters for all variants
Add component (AddParameter): Name = "Case"; Value = "0402"; VariantName = "[No Variations]"
Add component (AddParameter): Name = "Category"; Value = "Resistors"; VariantName = "[No Variations]"
Add component (AddParameter): Name = "ComponentLink1Description"; Value = "http://www.seielect.com/Catalog/SEI-RMCF_RMCP.pdf"; VariantName = "[No Variations]"
Add component (AddParameter): Name = "ComponentLink1URL"; Value = "http://www.seielect.com/Catalog/SEI-RMCF_RMCP.pdf"; VariantName = "[No Variations]"
Add component (AddParameter): Name = "Composition"; Value = "Thick Film"; VariantName = "[No Variations]"
Add component (AddParameter): Name = "Features"; Value = "-"; VariantName = "[No Variations]"
Add component (AddParameter): Name = "Height"; Value = "0.016" (0.40mm)"; VariantName = "[No Variations]"
Add component (AddParameter): Name = "Manufacturer"; Value = "Stackpole Electronics Inc"; VariantName = "[No Variations]"
Add component (AddParameter): Name = "Manufacturer Part Number"; Value = "RMCF0402FT10K0"; VariantName = "[No Variations]"
Add component (AddParameter): Name = "Number of Terminations"; Value = "2"; VariantName = "[No Variations]"
Add component (AddParameter): Name = "Package / Case"; Value = "0402 (1005 Metric)"; VariantName = "[No Variations]"
Add component (AddParameter): Name = "Packaging"; Value = "Cut Tape (CT)"; VariantName = "[No Variations]"
Add component (AddParameter): Name = "Power (Watts)"; Value = "1/16W"; VariantName = "[No Variations]"
Add component (AddParameter): Name = "Pricing"; Value = "1=0.04, 10=0.025, 50=0.0138, 100=0.0105, 250=0.0078, 500=0.00576, 1000=0.00384, 2500=0.00324, 5000=0.0027 (USD)"; VariantName = "[No Variations]"
Add component (AddParameter): Name = "Resistance (Ohms)"; Value = "10k"; VariantName = "[No Variations]"
Add component (AddParameter): Name = "Resistance In Ohms"; Value = "10.0K"; VariantName = "[No Variations]"
Add component (AddParameter): Name = "RoHS"; Value = "RoHS Compliant"; VariantName = "[No Variations]"
Add component (AddParameter): Name = "Size / Dimension"; Value = "0.039" L x 0.020" W (1.00mm x 0.50mm)"; VariantName = "[No Variations]"
Add component (AddParameter): Name = "Stock 1"; Value = "234525"; VariantName = "[No Variations]"
Add component (AddParameter): Name = "Supplier 1"; Value = "Digi-Key"; VariantName = "[No Variations]"
Add component (AddParameter): Name = "Supplier Part Number 1"; Value = "RMCF0402FT10K0CT-ND"; VariantName = "[No Variations]"
Add component (AddParameter): Name = "Temperature Coefficient"; Value = "±100ppm/°C"; VariantName = "[No Variations]"
Add component (AddParameter): Name = "Tolerance"; Value = "±1%"; VariantName = "[No Variations]"
Added Component: Designator=R85(R_0402)
Add component. Clean all parameters for all variants
Add component (AddParameter): Name = "Case"; Value = "0402"; VariantName = "[No Variations]"
Add component (AddParameter): Name = "Category"; Value = "Resistors"; VariantName = "[No Variations]"
Add component (AddParameter): Name = "ComponentLink1Description"; Value = "http://www.seielect.com/Catalog/SEI-RMCF_RMCP.pdf"; VariantName = "[No Variations]"
Add component (AddParameter): Name = "ComponentLink1URL"; Value = "http://www.seielect.com/Catalog/SEI-RMCF_RMCP.pdf"; VariantName = "[No Variations]"
Add component (AddParameter): Name = "Composition"; Value = "Thick Film"; VariantName = "[No Variations]"
Add component (AddParameter): Name = "Features"; Value = "-"; VariantName = "[No Variations]"
Add component (AddParameter): Name = "Height"; Value = "0.016" (0.40mm)"; VariantName = "[No Variations]"
Add component (AddParameter): Name = "Manufacturer"; Value = "Stackpole Electronics Inc"; VariantName = "[No Variations]"
Add component (AddParameter): Name = "Manufacturer Part Number"; Value = "RMCF0402FT10K0"; VariantName = "[No Variations]"
Add component (AddParameter): Name = "Number of Terminations"; Value = "2"; VariantName = "[No Variations]"
Add component (AddParameter): Name = "Package / Case"; Value = "0402 (1005 Metric)"; VariantName = "[No Variations]"
Add component (AddParameter): Name = "Packaging"; Value = "Cut Tape (CT)"; VariantName = "[No Variations]"
Add component (AddParameter): Name = "Power (Watts)"; Value = "1/16W"; VariantName = "[No Variations]"
Add component (AddParameter): Name = "Pricing"; Value = "1=0.04, 10=0.025, 50=0.0138, 100=0.0105, 250=0.0078, 500=0.00576, 1000=0.00384, 2500=0.00324, 5000=0.0027 (USD)"; VariantName = "[No Variations]"
Add component (AddParameter): Name = "Resistance (Ohms)"; Value = "10k"; VariantName = "[No Variations]"
Add component (AddParameter): Name = "Resistance In Ohms"; Value = "10.0K"; VariantName = "[No Variations]"
Add component (AddParameter): Name = "RoHS"; Value = "RoHS Compliant"; VariantName = "[No Variations]"
Add component (AddParameter): Name = "Size / Dimension"; Value = "0.039" L x 0.020" W (1.00mm x 0.50mm)"; VariantName = "[No Variations]"
Add component (AddParameter): Name = "Stock 1"; Value = "234525"; VariantName = "[No Variations]"
Add component (AddParameter): Name = "Supplier 1"; Value = "Digi-Key"; VariantName = "[No Variations]"
Add component (AddParameter): Name = "Supplier Part Number 1"; Value = "RMCF0402FT10K0CT-ND"; VariantName = "[No Variations]"
Add component (AddParameter): Name = "Temperature Coefficient"; Value = "±100ppm/°C"; VariantName = "[No Variations]"
Add component (AddParameter): Name = "Tolerance"; Value = "±1%"; VariantName = "[No Variations]"
Added Component: Designator=R?(R_0402)
Add component. Clean all parameters for all variants
Add component (AddParameter): Name = "Case"; Value = "0402"; VariantName = "[No Variations]"
Add component (AddParameter): Name = "Category"; Value = "Resistors"; VariantName = "[No Variations]"
Add component (AddParameter): Name = "ComponentLink1Description"; Value = "http://www.yageo.com/NewPortal/yageodocoutput?fileName=/pdf/R-Chip/PYu-RC_Group_51_RoHS_L_3.pdf"; VariantName = "[No Variations]"
Add component (AddParameter): Name = "ComponentLink1URL"; Value = "http://www.yageo.com/NewPortal/yageodocoutput?fileName=/pdf/R-Chip/PYu-RC_Group_51_RoHS_L_3.pdf"; VariantName = "[No Variations]"
Add component (AddParameter): Name = "Composition"; Value = "Thick Film"; VariantName = "[No Variations]"
Add component (AddParameter): Name = "Features"; Value = "Moisture Resistant"; VariantName = "[No Variations]"
Add component (AddParameter): Name = "Height"; Value = "0.016" (0.40mm)"; VariantName = "[No Variations]"
Add component (AddParameter): Name = "Manufacturer"; Value = "Yageo"; VariantName = "[No Variations]"
Add component (AddParameter): Name = "Manufacturer Part Number"; Value = "RC0402FR-07100KL"; VariantName = "[No Variations]"
Add component (AddParameter): Name = "Number of Terminations"; Value = "2"; VariantName = "[No Variations]"
Add component (AddParameter): Name = "Operating Temperature"; Value = "-55°C ~ 155°C"; VariantName = "[No Variations]"
Add component (AddParameter): Name = "Package / Case"; Value = "0402 (1005 Metric)"; VariantName = "[No Variations]"
Add component (AddParameter): Name = "Packaging"; Value = "Cut Tape (CT)"; VariantName = "[No Variations]"
Add component (AddParameter): Name = "Power (Watts)"; Value = "1/16W"; VariantName = "[No Variations]"
Add component (AddParameter): Name = "Pricing 1"; Value = "1=0.1, 10=0.013, 25=0.0096, 100=0.0054, 250=0.00412, 500=0.00328, 1000=0.00242, 2500=0.0021, 5000=0.00173 (USD)"; VariantName = "[No Variations]"
Add component (AddParameter): Name = "Resistance (Ohms)"; Value = "100k"; VariantName = "[No Variations]"
Add component (AddParameter): Name = "Resistance In Ohms"; Value = "100K"; VariantName = "[No Variations]"
Add component (AddParameter): Name = "RoHS"; Value = "RoHS Compliant"; VariantName = "[No Variations]"
Add component (AddParameter): Name = "Size / Dimension"; Value = "0.039" L x 0.020" W (1.00mm x 0.50mm)"; VariantName = "[No Variations]"
Add component (AddParameter): Name = "Stock 1"; Value = "4989982"; VariantName = "[No Variations]"
Add component (AddParameter): Name = "Supplier 1"; Value = "Digi-Key"; VariantName = "[No Variations]"
Add component (AddParameter): Name = "Supplier Device Package"; Value = "0402"; VariantName = "[No Variations]"
Add component (AddParameter): Name = "Supplier Part Number 1"; Value = "311-100KLRCT-ND"; VariantName = "[No Variations]"
Add component (AddParameter): Name = "Temperature Coefficient"; Value = "±100ppm/°C"; VariantName = "[No Variations]"
Add component (AddParameter): Name = "Tolerance"; Value = "±1%"; VariantName = "[No Variations]"
Added Component: Designator=T6(TestPointSmall)
Add component. Clean all parameters for all variants
Added Component: Designator=T11(TestPointSmall)
Add component. Clean all parameters for all variants
Added Component: Designator=T13(TestPointSmall)
Add component. Clean all parameters for all variants
Added Component: Designator=T14(TestPointSmall)
Add component. Clean all parameters for all variants
Added Component: Designator=T15(TestPointSmall)
Add component. Clean all parameters for all variants
Added Pin To Net: NetName=I2C0_SCL Pin=J18-18
Added Pin To Net: NetName=I2C0_SDA Pin=J18-20
Added Pin To Net: NetName=VADJ1 Pin=J18-21
Added Pin To Net: NetName=VADJ2 Pin=J18-22
Added Pin To Net: NetName=VADJ1 Pin=J18-23
Added Pin To Net: NetName=VADJ2 Pin=J18-24
Added Pin To Net: NetName=GND Pin=J18-41
Added Pin To Net: NetName=GND Pin=J18-42
Added Pin To Net: NetName=GND Pin=J18-43
Added Pin To Net: NetName=GND Pin=J18-44
Added Pin To Net: NetName=VADJ1 Pin=J18-45
Added Pin To Net: NetName=VADJ2 Pin=J18-46
Added Pin To Net: NetName=VADJ1 Pin=J18-47
Added Pin To Net: NetName=VADJ2 Pin=J18-48
Added Pin To Net: NetName=V1P8 Pin=R79-1
Added Pin To Net: NetName=MMC2_DAT3 Pin=R79-2
Added Pin To Net: NetName=V1P8 Pin=R80-1
Added Pin To Net: NetName=MMC2_DAT2 Pin=R80-2
Added Pin To Net: NetName=V1P8 Pin=R81-1
Added Pin To Net: NetName=MMC2_DAT1 Pin=R81-2
Added Pin To Net: NetName=V1P8 Pin=R82-1
Added Pin To Net: NetName=MMC2_DAT0 Pin=R82-2
Added Pin To Net: NetName=V1P8 Pin=R83-1
Added Pin To Net: NetName=MMC2_CMD Pin=R83-2
Added Pin To Net: NetName=V1P8 Pin=R84-1
Added Pin To Net: NetName=MMC2_CLK Pin=R84-2
Added Pin To Net: NetName=V1P8 Pin=R85-1
Added Pin To Net: NetName=WIFI_IRQ Pin=R85-2
Added Pin To Net: NetName=V3P3 Pin=R?-2
Added Pin To Net: NetName=SYS_VOUT Pin=T6-1
Added Pin To Net: NetName=NetT11_1 Pin=T11-1
Added Pin To Net: NetName=NetT13_1 Pin=T13-1
Added Pin To Net: NetName=NetT14_1 Pin=T14-1
Added Pin To Net: NetName=NetT15_1 Pin=T15-1
Added Pin To Net: NetName=B1_CLK0 Pin=J18-25
Added Pin To Net: NetName=B1_CLK0 Pin=U8-C8
Added Net: Name=B1_CLK0
Added Pin To Net: NetName=B1_CLK1 Pin=J18-27
Added Pin To Net: NetName=B1_CLK1 Pin=U8-F7
Added Net: Name=B1_CLK1
Added Pin To Net: NetName=B1_DAT0 Pin=J18-29
Added Pin To Net: NetName=B1_DAT0 Pin=U8-B9
Added Net: Name=B1_DAT0
Added Pin To Net: NetName=B1_DAT1 Pin=J18-31
Added Pin To Net: NetName=B1_DAT1 Pin=U8-C14
Added Net: Name=B1_DAT1
Added Pin To Net: NetName=B1_DAT2 Pin=J18-33
Added Pin To Net: NetName=B1_DAT2 Pin=U8-B15
Added Net: Name=B1_DAT2
Added Pin To Net: NetName=B1_DAT3 Pin=J18-35
Added Pin To Net: NetName=B1_DAT3 Pin=U8-D13
Added Net: Name=B1_DAT3
Added Pin To Net: NetName=B1_DAT4 Pin=J18-37
Added Pin To Net: NetName=B1_DAT4 Pin=U8-B14
Added Net: Name=B1_DAT4
Added Pin To Net: NetName=B1_DAT5 Pin=J18-39
Added Pin To Net: NetName=B1_DAT5 Pin=U8-C12
Added Net: Name=B1_DAT5
Added Pin To Net: NetName=B1_DAT6 Pin=J18-49
Added Pin To Net: NetName=B1_DAT6 Pin=U8-E11
Added Net: Name=B1_DAT6
Added Pin To Net: NetName=B1_DAT7 Pin=J18-51
Added Pin To Net: NetName=B1_DAT7 Pin=U8-C13
Added Net: Name=B1_DAT7
Added Pin To Net: NetName=B1_DAT8 Pin=J18-53
Added Pin To Net: NetName=B1_DAT8 Pin=U8-A16
Added Net: Name=B1_DAT8
Added Pin To Net: NetName=B1_DAT9 Pin=J18-55
Added Pin To Net: NetName=B1_DAT9 Pin=U8-A15
Added Net: Name=B1_DAT9
Added Pin To Net: NetName=B1_DAT10 Pin=J18-57
Added Pin To Net: NetName=B1_DAT10 Pin=U8-B13
Added Net: Name=B1_DAT10
Added Pin To Net: NetName=B1_DAT11 Pin=J18-59
Added Pin To Net: NetName=B1_DAT11 Pin=U8-E10
Added Net: Name=B1_DAT11
Added Pin To Net: NetName=B1_DAT12 Pin=J18-61
Added Pin To Net: NetName=B1_DAT12 Pin=U8-C11
Added Net: Name=B1_DAT12
Added Pin To Net: NetName=B1_DAT13 Pin=J18-63
Added Pin To Net: NetName=B1_DAT13 Pin=U8-D11
Added Net: Name=B1_DAT13
Added Pin To Net: NetName=B1_DAT14 Pin=J18-65
Added Pin To Net: NetName=B1_DAT14 Pin=U8-B12
Added Net: Name=B1_DAT14
Added Pin To Net: NetName=B1_DAT15 Pin=J18-67
Added Pin To Net: NetName=B1_DAT15 Pin=U8-B10
Added Net: Name=B1_DAT15
Added Pin To Net: NetName=B1_DAT16 Pin=J18-69
Added Pin To Net: NetName=B1_DAT16 Pin=U8-B11
Added Net: Name=B1_DAT16
Added Pin To Net: NetName=B1_DAT17 Pin=J18-71
Added Pin To Net: NetName=B1_DAT17 Pin=U8-C10
Added Net: Name=B1_DAT17
Added Pin To Net: NetName=B1_DAT18 Pin=J18-73
Added Pin To Net: NetName=B1_DAT18 Pin=U8-A10
Added Net: Name=B1_DAT18
Added Pin To Net: NetName=B1_DAT19 Pin=J18-75
Added Pin To Net: NetName=B1_DAT19 Pin=U8-A11
Added Net: Name=B1_DAT19
Added Pin To Net: NetName=B1_DAT20 Pin=J18-77
Added Pin To Net: NetName=B1_DAT20 Pin=U8-D10
Added Net: Name=B1_DAT20
Added Pin To Net: NetName=B1_DAT21 Pin=J18-79
Added Pin To Net: NetName=B1_DAT21 Pin=U8-C9
Added Net: Name=B1_DAT21
Added Pin To Net: NetName=B1_DAT22 Pin=J18-81
Added Pin To Net: NetName=B1_DAT22 Pin=U8-E9
Added Net: Name=B1_DAT22
Added Pin To Net: NetName=B1_DAT23 Pin=J18-83
Added Pin To Net: NetName=B1_DAT23 Pin=U8-D9
Added Net: Name=B1_DAT23
Added Pin To Net: NetName=B1_DAT24 Pin=J18-85
Added Pin To Net: NetName=B1_DAT24 Pin=U8-A9
Added Net: Name=B1_DAT24
Added Pin To Net: NetName=B1_DAT25 Pin=J18-87
Added Pin To Net: NetName=B1_DAT25 Pin=U8-F9
Added Net: Name=B1_DAT25
Added Pin To Net: NetName=B1_DAT26 Pin=J18-89
Added Pin To Net: NetName=B1_DAT26 Pin=U8-D8
Added Net: Name=B1_DAT26
Added Pin To Net: NetName=B1_DAT27 Pin=J18-91
Added Pin To Net: NetName=B1_DAT27 Pin=U8-B8
Added Net: Name=B1_DAT27
Added Pin To Net: NetName=B1_DAT28 Pin=J18-93
Added Pin To Net: NetName=B1_DAT28 Pin=U8-A7
Added Net: Name=B1_DAT28
Added Pin To Net: NetName=B2_CLK0_N Pin=J18-28
Added Pin To Net: NetName=B2_CLK0_N Pin=U8-G1
Added Net: Name=B2_CLK0_N
Added Pin To Net: NetName=B2_CLK0_P Pin=J18-26
Added Pin To Net: NetName=B2_CLK0_P Pin=U8-J5
Added Net: Name=B2_CLK0_P
Added Pin To Net: NetName=B2_CLK1_N Pin=J18-32
Added Pin To Net: NetName=B2_CLK1_N Pin=U8-H1
Added Net: Name=B2_CLK1_N
Added Pin To Net: NetName=B2_CLK1_P Pin=J18-30
Added Pin To Net: NetName=B2_CLK1_P Pin=U8-J3
Added Net: Name=B2_CLK1_P
Added Pin To Net: NetName=B2_DAT0_N Pin=J18-36
Added Pin To Net: NetName=B2_DAT0_N Pin=U8-B2
Added Net: Name=B2_DAT0_N
Added Pin To Net: NetName=B2_DAT0_P Pin=J18-34
Added Pin To Net: NetName=B2_DAT0_P Pin=U8-E4
Added Net: Name=B2_DAT0_P
Added Pin To Net: NetName=B2_DAT1_N Pin=J18-40
Added Pin To Net: NetName=B2_DAT1_N Pin=U8-B1
Added Net: Name=B2_DAT1_N
Added Pin To Net: NetName=B2_DAT1_P Pin=J18-38
Added Pin To Net: NetName=B2_DAT1_P Pin=U8-F5
Added Net: Name=B2_DAT1_P
Added Pin To Net: NetName=B2_DAT2_N Pin=J18-52
Added Pin To Net: NetName=B2_DAT2_N Pin=U8-C2
Added Net: Name=B2_DAT2_N
Added Pin To Net: NetName=B2_DAT2_P Pin=J18-50
Added Pin To Net: NetName=B2_DAT2_P Pin=U8-C1
Added Net: Name=B2_DAT2_P
Added Pin To Net: NetName=B2_DAT3_N Pin=J18-56
Added Pin To Net: NetName=B2_DAT3_N Pin=U8-D2
Added Net: Name=B2_DAT3_N
Added Pin To Net: NetName=B2_DAT3_P Pin=J18-54
Added Pin To Net: NetName=B2_DAT3_P Pin=U8-F4
Added Net: Name=B2_DAT3_P
Added Pin To Net: NetName=B2_DAT4_N Pin=J18-60
Added Pin To Net: NetName=B2_DAT4_N Pin=U8-D1
Added Net: Name=B2_DAT4_N
Added Pin To Net: NetName=B2_DAT4_P Pin=J18-58
Added Pin To Net: NetName=B2_DAT4_P Pin=U8-G5
Added Net: Name=B2_DAT4_P
Added Pin To Net: NetName=B2_DAT5_N Pin=J18-64
Added Pin To Net: NetName=B2_DAT5_N Pin=U8-E3
Added Net: Name=B2_DAT5_N
Added Pin To Net: NetName=B2_DAT5_P Pin=J18-62
Added Pin To Net: NetName=B2_DAT5_P Pin=U8-G4
Added Net: Name=B2_DAT5_P
Added Pin To Net: NetName=B2_DAT6_N Pin=J18-68
Added Pin To Net: NetName=B2_DAT6_N Pin=U8-E2
Added Net: Name=B2_DAT6_N
Added Pin To Net: NetName=B2_DAT6_P Pin=J18-66
Added Pin To Net: NetName=B2_DAT6_P Pin=U8-H5
Added Net: Name=B2_DAT6_P
Added Pin To Net: NetName=B2_DAT7_N Pin=J18-72
Added Pin To Net: NetName=B2_DAT7_N Pin=U8-F3
Added Net: Name=B2_DAT7_N
Added Pin To Net: NetName=B2_DAT7_P Pin=J18-70
Added Pin To Net: NetName=B2_DAT7_P Pin=U8-G3
Added Net: Name=B2_DAT7_P
Added Pin To Net: NetName=B2_DAT8_N Pin=J18-76
Added Pin To Net: NetName=B2_DAT8_N Pin=U8-F2
Added Net: Name=B2_DAT8_N
Added Pin To Net: NetName=B2_DAT8_P Pin=J18-74
Added Pin To Net: NetName=B2_DAT8_P Pin=U8-H3
Added Net: Name=B2_DAT8_P
Added Pin To Net: NetName=B2_DAT9_N Pin=J18-80
Added Pin To Net: NetName=B2_DAT9_N Pin=U8-F1
Added Net: Name=B2_DAT9_N
Added Pin To Net: NetName=B2_DAT9_P Pin=J18-78
Added Pin To Net: NetName=B2_DAT9_P Pin=U8-H6
Added Net: Name=B2_DAT9_P
Added Pin To Net: NetName=B2_DAT10_N Pin=J18-84
Added Pin To Net: NetName=B2_DAT10_N Pin=U8-G2
Added Net: Name=B2_DAT10_N
Added Pin To Net: NetName=B2_DAT10_P Pin=J18-82
Added Pin To Net: NetName=B2_DAT10_P Pin=U8-H4
Added Net: Name=B2_DAT10_P
Added Pin To Net: NetName=B2_DAT11_N Pin=J18-88
Added Pin To Net: NetName=B2_DAT11_N Pin=U8-J1
Added Net: Name=B2_DAT11_N
Added Pin To Net: NetName=B2_DAT11_P Pin=J18-86
Added Pin To Net: NetName=B2_DAT11_P Pin=U8-J2
Added Net: Name=B2_DAT11_P
Added Pin To Net: NetName=B2_DAT12_N Pin=J18-92
Added Net: Name=B2_DAT12_N
Added Pin To Net: NetName=B2_DAT12_P Pin=J18-90
Added Net: Name=B2_DAT12_P
Added Pin To Net: NetName=CART_DET_N Pin=J18-17
Added Pin To Net: NetName=CART_DET_N Pin=R44-1
Added Pin To Net: NetName=CART_DET_N Pin=U2-A3
Added Net: Name=CART_DET_N
Added Pin To Net: NetName=CART_INT_N Pin=J18-19
Added Pin To Net: NetName=CART_INT_N Pin=R?-1
Added Pin To Net: NetName=CART_INT_N Pin=U8-C3
Added Net: Name=CART_INT_N
Added Class: Name=B1_CLK[1..0]
Added Class: Name=B1_DAT[28..0]
