Removed Pin From Net: NetName=GND Pin=C91-1
Removed Pin From Net: NetName=V3P3 Pin=C91-2
Removed Pin From Net: NetName=GND Pin=C112-1
Removed Pin From Net: NetName=V3P3 Pin=C112-2
Removed Pin From Net: NetName=GND Pin=C113-1
Removed Pin From Net: NetName=V1P8 Pin=C113-2
Removed Pin From Net: NetName=GND Pin=C114-1
Removed Pin From Net: NetName=V3P3 Pin=C114-2
Removed Pin From Net: NetName=GND Pin=C115-1
Removed Pin From Net: NetName=V1P8 Pin=C115-2
Removed Pin From Net: NetName=TMS Pin=J13-1
Removed Pin From Net: NetName=TRSTN Pin=J13-2
Removed Pin From Net: NetName=TDI Pin=J13-3
Removed Pin From Net: NetName=GND Pin=J13-4
Removed Pin From Net: NetName=V3P3 Pin=J13-5
Removed Pin From Net: NetName=TDO Pin=J13-7
Removed Pin From Net: NetName=GND Pin=J13-8
Removed Pin From Net: NetName=TCK Pin=J13-9
Removed Pin From Net: NetName=GND Pin=J13-10
Removed Pin From Net: NetName=TCK Pin=J13-11
Removed Pin From Net: NetName=GND Pin=J13-12
Removed Pin From Net: NetName=EMU0 Pin=J13-13
Removed Pin From Net: NetName=EMU1 Pin=J13-14
Removed Pin From Net: NetName=GND Pin=J13-16
Removed Pin From Net: NetName=GND Pin=J13-20
Removed Pin From Net: NetName=CART_DETECT_N Pin=R44-1
Removed Pin From Net: NetName=V3P3 Pin=R171-1
Removed Pin From Net: NetName=SPI1_CS0 Pin=R171-2
Removed Pin From Net: NetName=V5P0 Pin=T5-1
Removed Pin From Net: NetName=SYS_VDD1_3P3V Pin=T7-1
Removed Pin From Net: NetName=SYS_VDD2_3P3V Pin=T8-1
Removed Pin From Net: NetName=SYS_RTC_1P8V Pin=T9-1
Removed Pin From Net: NetName=SYS_VDD3_3P3V Pin=T10-1
Removed Pin From Net: NetName=SYS_VDD_1P8V Pin=T16-1
Removed Pin From Net: NetName=V1P8 Pin=U18-1
Removed Pin From Net: NetName=GND Pin=U18-2
Removed Pin From Net: NetName=SPI1_MOSI Pin=U18-3
Removed Pin From Net: NetName=V1P8 Pin=U18-5
Removed Pin From Net: NetName=V3P3 Pin=U18-6
Removed Pin From Net: NetName=V1P8 Pin=U19-1
Removed Pin From Net: NetName=GND Pin=U19-2
Removed Pin From Net: NetName=SPI1_MISO Pin=U19-3
Removed Pin From Net: NetName=V1P8 Pin=U19-5
Removed Pin From Net: NetName=V3P3 Pin=U19-6
Added Pin To Net: NetName=V5P0 Pin=J18-1
Added Pin To Net: NetName=V5P0 Pin=J18-2
Added Pin To Net: NetName=V5P0 Pin=J18-3
Added Pin To Net: NetName=V5P0 Pin=J18-4
Added Pin To Net: NetName=GND Pin=J18-5
Added Pin To Net: NetName=GND Pin=J18-6
Added Pin To Net: NetName=GND Pin=J18-7
Added Pin To Net: NetName=GND Pin=J18-8
Added Pin To Net: NetName=V3P3 Pin=J18-9
Added Pin To Net: NetName=V3P3 Pin=J18-10
Added Pin To Net: NetName=V3P3 Pin=J18-11
Added Pin To Net: NetName=V3P3 Pin=J18-12
Added Pin To Net: NetName=NetC86_2 Pin=C86-2
Added Pin To Net: NetName=NetC86_2 Pin=U2-M13
Added Net: Name=NetC86_2
