Removed Pin From Net: NetName=B1_DAT0 Pin=J18-34
Removed Pin From Net: NetName=B1_DAT1 Pin=J18-36
Removed Pin From Net: NetName=B1_DAT2 Pin=J18-38
Removed Pin From Net: NetName=B1_DAT3 Pin=J18-40
Removed Pin From Net: NetName=B1_DAT4 Pin=J18-50
Removed Pin From Net: NetName=B1_DAT5 Pin=J18-52
Removed Pin From Net: NetName=B1_DAT6 Pin=J18-54
Removed Pin From Net: NetName=B1_DAT7 Pin=J18-56
Removed Pin From Net: NetName=B1_DAT8 Pin=J18-58
Removed Pin From Net: NetName=B1_DAT9 Pin=J18-60
Removed Pin From Net: NetName=B1_DAT10 Pin=J18-62
Removed Pin From Net: NetName=B1_DAT11 Pin=J18-64
Removed Pin From Net: NetName=B1_DAT12 Pin=J18-66
Removed Pin From Net: NetName=B1_DAT13 Pin=J18-68
Removed Pin From Net: NetName=B1_DAT14 Pin=J18-70
Removed Pin From Net: NetName=B1_DAT15 Pin=J18-72
Removed Pin From Net: NetName=B1_DAT16 Pin=J18-74
Removed Pin From Net: NetName=B1_DAT17 Pin=J18-76
Removed Pin From Net: NetName=B1_DAT18 Pin=J18-78
Removed Pin From Net: NetName=B1_DAT19 Pin=J18-80
Removed Pin From Net: NetName=B1_DAT20 Pin=J18-82
Removed Pin From Net: NetName=B1_DAT21 Pin=J18-84
Removed Pin From Net: NetName=B1_DAT22 Pin=J18-86
Removed Pin From Net: NetName=B1_DAT23 Pin=J18-88
Removed Pin From Net: NetName=B1_DAT24 Pin=J18-90
Removed Pin From Net: NetName=B1_DAT25 Pin=J18-92
Removed Pin From Net: NetName=B1_DAT26 Pin=J18-94
Removed Member From Class: ClassName=B1_DAT[28..0] Member=B1_DAT27
Removed Member From Class: ClassName=B1_DAT[28..0] Member=B1_DAT28
Added Pin To Net: NetName=B1_DAT2 Pin=J18-34
Added Pin To Net: NetName=B1_DAT3 Pin=J18-36
Added Pin To Net: NetName=B1_DAT4 Pin=J18-38
Added Pin To Net: NetName=B1_DAT5 Pin=J18-40
Added Pin To Net: NetName=B1_DAT6 Pin=J18-50
Added Pin To Net: NetName=B1_DAT7 Pin=J18-52
Added Pin To Net: NetName=B1_DAT8 Pin=J18-54
Added Pin To Net: NetName=B1_DAT9 Pin=J18-56
Added Pin To Net: NetName=B1_DAT10 Pin=J18-58
Added Pin To Net: NetName=B1_DAT11 Pin=J18-60
Added Pin To Net: NetName=B1_DAT12 Pin=J18-62
Added Pin To Net: NetName=B1_DAT13 Pin=J18-64
Added Pin To Net: NetName=B1_DAT14 Pin=J18-66
Added Pin To Net: NetName=B1_DAT15 Pin=J18-68
Added Pin To Net: NetName=B1_DAT16 Pin=J18-70
Added Pin To Net: NetName=B1_DAT17 Pin=J18-72
Added Pin To Net: NetName=B1_DAT18 Pin=J18-74
Added Pin To Net: NetName=B1_DAT19 Pin=J18-76
Added Pin To Net: NetName=B1_DAT20 Pin=J18-78
Added Pin To Net: NetName=B1_DAT21 Pin=J18-80
Added Pin To Net: NetName=B1_DAT22 Pin=J18-82
Added Pin To Net: NetName=B1_DAT23 Pin=J18-84
Added Pin To Net: NetName=B1_DAT24 Pin=J18-86
Added Pin To Net: NetName=B1_DAT25 Pin=J18-88
Added Pin To Net: NetName=B1_DAT26 Pin=J18-90
Added Pin To Net: NetName=B2_DAT12_P Pin=U8-K1
Added Pin To Net: NetName=B2_DAT12_N Pin=U8-K3
Change Class Name : Old Net Name=B1_DAT[28..0] New Net Name=B1_DAT[26..0]
