Added Component: Designator=POT?(ROT_POT)
Add component. Clean all parameters for all variants
Add component (AddParameter): Name = "Actuator Diameter"; Value = "0.236" (6.00mm)"; VariantName = "[No Variations]"
Add component (AddParameter): Name = "Actuator Length"; Value = "1.181" (30.00mm)"; VariantName = "[No Variations]"
Add component (AddParameter): Name = "Actuator Type"; Value = "Flatted"; VariantName = "[No Variations]"
Add component (AddParameter): Name = "Adjustment Type"; Value = "Top Adjustment"; VariantName = "[No Variations]"
Add component (AddParameter): Name = "Built in Switch"; Value = "None"; VariantName = "[No Variations]"
Add component (AddParameter): Name = "Bushing Thread"; Value = "-"; VariantName = "[No Variations]"
Add component (AddParameter): Name = "Category"; Value = "Potentiometers, Variable Resistors"; VariantName = "[No Variations]"
Add component (AddParameter): Name = "ComponentLink1Description"; Value = "http://www.bourns.com/docs/Product-Datasheets/PDB12.pdf"; VariantName = "[No Variations]"
Add component (AddParameter): Name = "ComponentLink1URL"; Value = "http://www.bourns.com/docs/Product-Datasheets/PDB12.pdf"; VariantName = "[No Variations]"
Add component (AddParameter): Name = "Manufacturer"; Value = "Bourns Inc."; VariantName = "[No Variations]"
Add component (AddParameter): Name = "Manufacturer Part Number"; Value = "PDB12-H4301-103BF"; VariantName = "[No Variations]"
Add component (AddParameter): Name = "Mounting Type"; Value = "Through Hole"; VariantName = "[No Variations]"
Add component (AddParameter): Name = "Number of Gangs"; Value = "1"; VariantName = "[No Variations]"
Add component (AddParameter): Name = "Number of Turns"; Value = "1"; VariantName = "[No Variations]"
Add component (AddParameter): Name = "Packaging"; Value = "Tray"; VariantName = "[No Variations]"
Add component (AddParameter): Name = "Part Status"; Value = "Active"; VariantName = "[No Variations]"
Add component (AddParameter): Name = "Power (Watts)"; Value = "0.08W"; VariantName = "[No Variations]"
Add component (AddParameter): Name = "Pricing 1"; Value = "1=0.92, 10=0.81, 25=0.7292, 50=0.702, 100=0.675, 250=0.63452, 500=0.54, 1000=0.4995, 5000=0.4104 (USD)"; VariantName = "[No Variations]"
Add component (AddParameter): Name = "Resistance (Ohms)"; Value = "10k"; VariantName = "[No Variations]"
Add component (AddParameter): Name = "Resistive Material"; Value = "Carbon"; VariantName = "[No Variations]"
Add component (AddParameter): Name = "RoHS"; Value = "RoHS Compliant"; VariantName = "[No Variations]"
Add component (AddParameter): Name = "Rotation"; Value = "300°"; VariantName = "[No Variations]"
Add component (AddParameter): Name = "Stock 1"; Value = "859"; VariantName = "[No Variations]"
Add component (AddParameter): Name = "Supplier 1"; Value = "Digi-Key"; VariantName = "[No Variations]"
Add component (AddParameter): Name = "Supplier Part Number 1"; Value = "PDB12-H4301-103BF-ND"; VariantName = "[No Variations]"
Add component (AddParameter): Name = "Taper"; Value = "Linear"; VariantName = "[No Variations]"
Add component (AddParameter): Name = "Temperature Coefficient"; Value = "-"; VariantName = "[No Variations]"
Add component (AddParameter): Name = "Termination Style"; Value = "PC Pins, Board Locks"; VariantName = "[No Variations]"
Add component (AddParameter): Name = "Tolerance"; Value = "±20%"; VariantName = "[No Variations]"
Added Pin To Net: NetName=V1P8 Pin=POT?-1
Added Pin To Net: NetName=ADC4 Pin=POT?-2
Added Pin To Net: NetName=GND Pin=POT?-3
