Removed Pin From Net: NetName=BAT_SCL Pin=R56-2
Removed Pin From Net: NetName=BAT_SDA Pin=R57-2
Removed Pin From Net: NetName=BAT_SCL Pin=R124-1
Removed Pin From Net: NetName=BAT_SDA Pin=R125-1
Removed Pin From Net: NetName=BAT_SDA Pin=U2-A11
Removed Pin From Net: NetName=BAT_SCL Pin=U2-B11
Removed Pin From Net: NetName=BAT_SCL Pin=U15-9
Removed Pin From Net: NetName=BAT_SDA Pin=U15-10
Added Component: Designator=J15(HDR_1X2_LIPO_BATTERY)
Add component. Clean all parameters for all variants
Add component (AddParameter): Name = "Category"; Value = "Connectors, Interconnects"; VariantName = "[No Variations]"
Add component (AddParameter): Name = "Color"; Value = "Natural"; VariantName = "[No Variations]"
Add component (AddParameter): Name = "ComponentLink1Description"; Value = "http://www.jst-mfg.com/product/pdf/eng/ePH.pdf"; VariantName = "[No Variations]"
Add component (AddParameter): Name = "ComponentLink1URL"; Value = "http://www.jst-mfg.com/product/pdf/eng/ePH.pdf"; VariantName = "[No Variations]"
Add component (AddParameter): Name = "Connector Type"; Value = "Header, Shrouded"; VariantName = "[No Variations]"
Add component (AddParameter): Name = "Contact Finish"; Value = "Tin"; VariantName = "[No Variations]"
Add component (AddParameter): Name = "Contact Finish Thickness"; Value = "-"; VariantName = "[No Variations]"
Add component (AddParameter): Name = "Contact Mating Length"; Value = "-"; VariantName = "[No Variations]"
Add component (AddParameter): Name = "Contact Type"; Value = "Male Pin"; VariantName = "[No Variations]"
Add component (AddParameter): Name = "Fastening Type"; Value = "-"; VariantName = "[No Variations]"
Add component (AddParameter): Name = "Features"; Value = "Solder Retention"; VariantName = "[No Variations]"
Add component (AddParameter): Name = "Manufacturer"; Value = "JST Sales America Inc"; VariantName = "[No Variations]"
Add component (AddParameter): Name = "Manufacturer Part Number"; Value = "S2B-PH-SM4-TB(LF)(SN)"; VariantName = "[No Variations]"
Add component (AddParameter): Name = "Mounting Type"; Value = "Surface Mount, Right Angle"; VariantName = "[No Variations]"
Add component (AddParameter): Name = "Number of Positions"; Value = "2"; VariantName = "[No Variations]"
Add component (AddParameter): Name = "Number of Positions Loaded"; Value = "All"; VariantName = "[No Variations]"
Add component (AddParameter): Name = "Number of Rows"; Value = "1"; VariantName = "[No Variations]"
Add component (AddParameter): Name = "Packaging"; Value = "Cut Tape (CT)"; VariantName = "[No Variations]"
Add component (AddParameter): Name = "Pitch"; Value = "0.079" (2.00mm)"; VariantName = "[No Variations]"
Add component (AddParameter): Name = "Pricing"; Value = "1=0.51, 10=0.474, 100=0.3947, 500=0.31576 (USD)"; VariantName = "[No Variations]"
Add component (AddParameter): Name = "RoHS"; Value = "RoHS Compliant"; VariantName = "[No Variations]"
Add component (AddParameter): Name = "Row Spacing"; Value = "-"; VariantName = "[No Variations]"
Add component (AddParameter): Name = "Stock 1"; Value = "29466"; VariantName = "[No Variations]"
Add component (AddParameter): Name = "Supplier 1"; Value = "Digi-Key"; VariantName = "[No Variations]"
Add component (AddParameter): Name = "Supplier Part Number 1"; Value = "455-1749-1-ND"; VariantName = "[No Variations]"
Add component (AddParameter): Name = "Termination"; Value = "Solder"; VariantName = "[No Variations]"
Added Component: Designator=T4(ERA-0603-SOLDER_JUMPER)
Add component. Clean all parameters for all variants
Add component (AddParameter): Name = "Case"; Value = "0603"; VariantName = "[No Variations]"
Added Component: Designator=T5(ERA-0603-SOLDER_JUMPER)
Add component. Clean all parameters for all variants
Add component (AddParameter): Name = "Case"; Value = "0603"; VariantName = "[No Variations]"
Added Pin To Net: NetName=NetJ14_2 Pin=J15-1
Added Pin To Net: NetName=BGND Pin=J15-2
Added Pin To Net: NetName=BAT_SCL Pin=T4-1
Added Pin To Net: NetName=BAT_SDA Pin=T5-1
Added Pin To Net: NetName=I2C1_SCL Pin=R56-2
Added Pin To Net: NetName=I2C1_SCL Pin=R124-1
Added Pin To Net: NetName=I2C1_SCL Pin=T4-2
Added Pin To Net: NetName=I2C1_SCL Pin=U2-B11
Added Pin To Net: NetName=I2C1_SCL Pin=U15-9
Added Net: Name=I2C1_SCL
Added Pin To Net: NetName=I2C1_SDA Pin=R57-2
Added Pin To Net: NetName=I2C1_SDA Pin=R125-1
Added Pin To Net: NetName=I2C1_SDA Pin=T5-2
Added Pin To Net: NetName=I2C1_SDA Pin=U2-A11
Added Pin To Net: NetName=I2C1_SDA Pin=U15-10
Added Net: Name=I2C1_SDA
