Added Pin To Net: NetName=GPMC_A6 Pin=U8-L9
Added Pin To Net: NetName=GPMC_AD3 Pin=U8-L10
Added Pin To Net: NetName=GPMC_AD13 Pin=U8-L11
Added Pin To Net: NetName=GPMC_A1 Pin=U8-M8
Added Pin To Net: NetName=GPMC_AD0 Pin=U8-M9
Added Pin To Net: NetName=GPMC_AD10 Pin=U8-M11
Added Pin To Net: NetName=GPMC_AD15 Pin=U8-M12
Added Pin To Net: NetName=GPMC_ADVN_ALE Pin=U8-N5
Added Pin To Net: NetName=GPMC_BEN1 Pin=U8-N6
Added Pin To Net: NetName=GPMC_A10 Pin=U8-N9
Added Pin To Net: NetName=GPMC_AD5 Pin=U8-N10
Added Pin To Net: NetName=GPMC_AD12 Pin=U8-N12
Added Pin To Net: NetName=GPMC_WPN Pin=U8-P4
Added Pin To Net: NetName=GPMC_WEN Pin=U8-P5
Added Pin To Net: NetName=GPMC_A0 Pin=U8-P6
Added Pin To Net: NetName=GPMC_A9 Pin=U8-P7
Added Pin To Net: NetName=GPMC_A4 Pin=U8-P8
Added Pin To Net: NetName=GPMC_AD1 Pin=U8-P9
Added Pin To Net: NetName=GPMC_AD4 Pin=U8-P10
Added Pin To Net: NetName=GPMC_CSN0 Pin=U8-R2
Added Pin To Net: NetName=GPMC_OWN_REN Pin=U8-R3
Added Pin To Net: NetName=GPMC_A3 Pin=U8-R6
Added Pin To Net: NetName=GPMC_CLK Pin=U8-R9
Added Pin To Net: NetName=GPMC_AD2 Pin=U8-R10
Added Pin To Net: NetName=GPMC_WAIT0 Pin=U8-T1
Added Pin To Net: NetName=GPMC_BEN0_CLE Pin=U8-T2
Added Pin To Net: NetName=GPMC_A2 Pin=U8-T5
Added Pin To Net: NetName=GPMC_A5 Pin=U8-T6
Added Pin To Net: NetName=GPMC_A7 Pin=U8-T7
Added Pin To Net: NetName=GPMC_A8 Pin=U8-T8
Added Pin To Net: NetName=GPMC_A11 Pin=U8-T9
Added Pin To Net: NetName=GPMC_AD6 Pin=U8-T10
Added Pin To Net: NetName=GPMC_AD7 Pin=U8-T11
Added Pin To Net: NetName=GPMC_AD11 Pin=U8-T13
Added Pin To Net: NetName=GPMC_AD9 Pin=U8-T14
Added Pin To Net: NetName=GPMC_AD8 Pin=U8-T15
Added Pin To Net: NetName=GPMC_AD14 Pin=U8-T16
