Removed Pin From Net: NetName=GND Pin=C68-1
Removed Pin From Net: NetName=GND Pin=C69-2
Removed Pin From Net: NetName=GND Pin=C70-2
Removed Pin From Net: NetName=GND Pin=C71-1
Removed Pin From Net: NetName=V1P8 Pin=C71-2
Removed Pin From Net: NetName=GND Pin=C72-1
Removed Pin From Net: NetName=V1P8 Pin=C72-2
Removed Pin From Net: NetName=GND Pin=C73-1
Removed Pin From Net: NetName=V3P3 Pin=C73-2
Removed Pin From Net: NetName=GND Pin=C76-1
Removed Pin From Net: NetName=V3P3 Pin=C76-2
Removed Pin From Net: NetName=GND Pin=C77-1
Removed Pin From Net: NetName=V3P3 Pin=C77-2
Removed Pin From Net: NetName=GND Pin=C78-1
Removed Pin From Net: NetName=V3P3 Pin=C78-2
Removed Pin From Net: NetName=GND Pin=C79-1
Removed Pin From Net: NetName=V5P0 Pin=C79-2
Removed Pin From Net: NetName=GND Pin=C80-1
Removed Pin From Net: NetName=V5P0 Pin=C80-2
Removed Pin From Net: NetName=GND Pin=C82-1
Removed Pin From Net: NetName=GND Pin=C83-1
Removed Pin From Net: NetName=GND Pin=C84-1
Removed Pin From Net: NetName=AUDIO_POWER_DOWN_N Pin=U15-8
Removed Pin From Net: NetName=BAT_SCL Pin=U15-9
Removed Pin From Net: NetName=BAT_SDA Pin=U15-10
Removed Pin From Net: NetName=MCASP0_AXR0 Pin=U15-11
Removed Pin From Net: NetName=MCASP0_AXR1 Pin=U15-12
Removed Pin From Net: NetName=MCASP0_FSX Pin=U15-13
Removed Pin From Net: NetName=MCASP0_ACLKX Pin=U15-14
Removed Pin From Net: NetName=MCASP0_AHCLKX Pin=U15-15
Removed Pin From Net: NetName=V3P3 Pin=U15-16
Removed Pin From Net: NetName=GND Pin=U15-17
Removed Pin From Net: NetName=V5P0 Pin=U15-18
Removed Pin From Net: NetName=V1P8 Pin=U15-21
Removed Pin From Net: NetName=NetC64_2 Pin=U15-22
Removed Pin From Net: NetName=NetC63_2 Pin=U15-23
Removed Pin From Net: NetName=GND Pin=U15-25
Removed Pin From Net: NetName=V3P3 Pin=U15-28
Removed Pin From Net: NetName=GND Pin=U15-29
Removed Pin From Net: NetName=GND Pin=U15-33
Removed Pin From Net: NetName=GND Pin=U16-4
Removed Pin From Net: NetName=GND Pin=U16-4
Removed Pin From Net: NetName=GND Pin=U16-4
Removed Pin From Net: NetName=GND Pin=U16-4
