Removed Pin From Net: NetName=B2_DAT1_N Pin=U8-B1
Removed Pin From Net: NetName=B2_DAT0_N Pin=U8-B2
Removed Pin From Net: NetName=B2_DAT2_P Pin=U8-C1
Removed Pin From Net: NetName=B2_DAT2_N Pin=U8-C2
Removed Pin From Net: NetName=B2_DAT4_N Pin=U8-D1
Removed Pin From Net: NetName=B2_DAT3_N Pin=U8-D2
Removed Pin From Net: NetName=B2_DAT6_N Pin=U8-E2
Removed Pin From Net: NetName=B2_DAT5_N Pin=U8-E3
Removed Pin From Net: NetName=B2_DAT0_P Pin=U8-E4
Removed Pin From Net: NetName=B2_DAT9_N Pin=U8-F1
Removed Pin From Net: NetName=B2_DAT8_N Pin=U8-F2
Removed Pin From Net: NetName=B2_DAT7_N Pin=U8-F3
Removed Pin From Net: NetName=B2_DAT3_P Pin=U8-F4
Removed Pin From Net: NetName=B2_DAT1_P Pin=U8-F5
Removed Pin From Net: NetName=B2_CLK0_N Pin=U8-G1
Removed Pin From Net: NetName=B2_DAT10_N Pin=U8-G2
Removed Pin From Net: NetName=B2_DAT7_P Pin=U8-G3
Removed Pin From Net: NetName=B2_DAT5_P Pin=U8-G4
Removed Pin From Net: NetName=B2_DAT4_P Pin=U8-G5
Removed Pin From Net: NetName=B2_CLK1_N Pin=U8-H1
Removed Pin From Net: NetName=B2_DAT8_P Pin=U8-H3
Removed Pin From Net: NetName=B2_DAT10_P Pin=U8-H4
Removed Pin From Net: NetName=B2_DAT6_P Pin=U8-H5
Removed Pin From Net: NetName=B2_DAT9_P Pin=U8-H6
Removed Pin From Net: NetName=B2_DAT11_N Pin=U8-J1
Removed Pin From Net: NetName=B2_DAT11_P Pin=U8-J2
Removed Pin From Net: NetName=B2_CLK1_P Pin=U8-J3
Removed Pin From Net: NetName=B2_CLK0_P Pin=U8-J5
Removed Pin From Net: NetName=B2_DAT12_P Pin=U8-K1
Removed Pin From Net: NetName=B2_DAT12_N Pin=U8-K3
Added Pin To Net: NetName=B2_DAT1_P Pin=U8-B1
Added Pin To Net: NetName=B2_DAT0_P Pin=U8-B2
Added Pin To Net: NetName=B2_DAT10_N Pin=U8-C1
Added Pin To Net: NetName=B2_DAT10_P Pin=U8-C2
Added Pin To Net: NetName=B2_DAT8_P Pin=U8-D1
Added Pin To Net: NetName=B2_DAT9_P Pin=U8-D2
Added Pin To Net: NetName=B2_DAT6_P Pin=U8-E2
Added Pin To Net: NetName=B2_DAT7_P Pin=U8-E3
Added Pin To Net: NetName=B2_DAT0_N Pin=U8-E4
Added Pin To Net: NetName=B2_DAT3_P Pin=U8-F1
Added Pin To Net: NetName=B2_DAT4_P Pin=U8-F2
Added Pin To Net: NetName=B2_DAT5_P Pin=U8-F3
Added Pin To Net: NetName=B2_DAT9_N Pin=U8-F4
Added Pin To Net: NetName=B2_DAT1_N Pin=U8-F5
Added Pin To Net: NetName=B2_CLK0_P Pin=U8-G1
Added Pin To Net: NetName=B2_DAT2_P Pin=U8-G2
Added Pin To Net: NetName=B2_DAT5_N Pin=U8-G3
Added Pin To Net: NetName=B2_DAT7_N Pin=U8-G4
Added Pin To Net: NetName=B2_DAT8_N Pin=U8-G5
Added Pin To Net: NetName=B2_CLK1_P Pin=U8-H1
Added Pin To Net: NetName=B2_DAT4_N Pin=U8-H3
Added Pin To Net: NetName=B2_DAT2_N Pin=U8-H4
Added Pin To Net: NetName=B2_DAT6_N Pin=U8-H5
Added Pin To Net: NetName=B2_DAT3_N Pin=U8-H6
Added Pin To Net: NetName=B2_DAT11_P Pin=U8-J1
Added Pin To Net: NetName=B2_DAT11_N Pin=U8-J2
Added Pin To Net: NetName=B2_CLK1_N Pin=U8-J3
Added Pin To Net: NetName=B2_CLK0_N Pin=U8-J5
Added Pin To Net: NetName=B2_DAT12_N Pin=U8-K1
Added Pin To Net: NetName=B2_DAT12_P Pin=U8-K3
