Removed Pin From Net: NetName=B1_DAT2 Pin=J18-34
Removed Pin From Net: NetName=B1_DAT3 Pin=J18-36
Removed Pin From Net: NetName=B1_DAT4 Pin=J18-38
Removed Pin From Net: NetName=B1_DAT5 Pin=J18-40
Removed Pin From Net: NetName=B1_DAT6 Pin=J18-50
Removed Pin From Net: NetName=B1_DAT7 Pin=J18-52
Removed Pin From Net: NetName=B1_DAT8 Pin=J18-54
Removed Pin From Net: NetName=B1_DAT9 Pin=J18-56
Removed Pin From Net: NetName=B1_DAT10 Pin=J18-58
Removed Pin From Net: NetName=B1_DAT11 Pin=J18-60
Removed Pin From Net: NetName=B1_DAT12 Pin=J18-62
Removed Pin From Net: NetName=B1_DAT13 Pin=J18-64
Removed Pin From Net: NetName=B1_DAT14 Pin=J18-66
Removed Pin From Net: NetName=B1_DAT15 Pin=J18-68
Removed Pin From Net: NetName=B1_DAT16 Pin=J18-70
Removed Pin From Net: NetName=B1_DAT17 Pin=J18-72
Removed Pin From Net: NetName=B1_DAT18 Pin=J18-74
Removed Pin From Net: NetName=B1_DAT19 Pin=J18-76
Removed Pin From Net: NetName=B1_DAT20 Pin=J18-78
Removed Pin From Net: NetName=B1_DAT21 Pin=J18-80
Removed Pin From Net: NetName=B1_DAT22 Pin=J18-82
Removed Pin From Net: NetName=B1_DAT23 Pin=J18-84
Removed Pin From Net: NetName=B1_DAT24 Pin=J18-86
Removed Pin From Net: NetName=B1_DAT25 Pin=J18-88
Removed Pin From Net: NetName=B1_DAT26 Pin=J18-90
Added Component: Designator=R?(R_0402)
Add component. Clean all parameters for all variants
Add component (AddParameter): Name = "Case"; Value = "0402"; VariantName = "[No Variations]"
Add component (AddParameter): Name = "Category"; Value = "Resistors"; VariantName = "[No Variations]"
Add component (AddParameter): Name = "ComponentLink1Description"; Value = "http://www.yageo.com/documents/recent/PYu-RC0402_51_RoHS_L_6.pdf"; VariantName = "[No Variations]"
Add component (AddParameter): Name = "ComponentLink1URL"; Value = "http://www.yageo.com/documents/recent/PYu-RC0402_51_RoHS_L_6.pdf"; VariantName = "[No Variations]"
Add component (AddParameter): Name = "Composition"; Value = "Thick Film"; VariantName = "[No Variations]"
Add component (AddParameter): Name = "Features"; Value = "-"; VariantName = "[No Variations]"
Add component (AddParameter): Name = "Height"; Value = "0.016" (0.40mm)"; VariantName = "[No Variations]"
Add component (AddParameter): Name = "Manufacturer"; Value = "Yageo"; VariantName = "[No Variations]"
Add component (AddParameter): Name = "Manufacturer Part Number"; Value = "RC0402FR-074K7L"; VariantName = "[No Variations]"
Add component (AddParameter): Name = "Number of Terminations"; Value = "2"; VariantName = "[No Variations]"
Add component (AddParameter): Name = "Package / Case"; Value = "0402 (1005 Metric)"; VariantName = "[No Variations]"
Add component (AddParameter): Name = "Packaging"; Value = "Cut Tape (CT)"; VariantName = "[No Variations]"
Add component (AddParameter): Name = "Power (Watts)"; Value = "1/16W"; VariantName = "[No Variations]"
Add component (AddParameter): Name = "Pricing"; Value = "10=0.014, 100=0.0063, 500=0.00382, 1000=0.0027, 5000=0.00203 (USD)"; VariantName = "[No Variations]"
Add component (AddParameter): Name = "Resistance (Ohms)"; Value = "4.7K"; VariantName = "[No Variations]"
Add component (AddParameter): Name = "Resistance In Ohms"; Value = "4.70K"; VariantName = "[No Variations]"
Add component (AddParameter): Name = "RoHS"; Value = "RoHS Compliant"; VariantName = "[No Variations]"
Add component (AddParameter): Name = "Size / Dimension"; Value = "0.039" L x 0.020" W (1.00mm x 0.50mm)"; VariantName = "[No Variations]"
Add component (AddParameter): Name = "Stock 1"; Value = "3610"; VariantName = "[No Variations]"
Add component (AddParameter): Name = "Supplier 1"; Value = "Digi-Key"; VariantName = "[No Variations]"
Add component (AddParameter): Name = "Supplier Part Number 1"; Value = "311-4.7KLRCT-ND"; VariantName = "[No Variations]"
Add component (AddParameter): Name = "Temperature Coefficient"; Value = "±100ppm/°C"; VariantName = "[No Variations]"
Add component (AddParameter): Name = "Tolerance"; Value = "±1%"; VariantName = "[No Variations]"
Added Pin To Net: NetName=B1_DAT0 Pin=J18-34
Added Pin To Net: NetName=B1_DAT1 Pin=J18-36
Added Pin To Net: NetName=B1_DAT2 Pin=J18-38
Added Pin To Net: NetName=B1_DAT3 Pin=J18-40
Added Pin To Net: NetName=B1_DAT4 Pin=J18-50
Added Pin To Net: NetName=B1_DAT5 Pin=J18-52
Added Pin To Net: NetName=B1_DAT6 Pin=J18-54
Added Pin To Net: NetName=B1_DAT7 Pin=J18-56
Added Pin To Net: NetName=B1_DAT8 Pin=J18-58
Added Pin To Net: NetName=B1_DAT9 Pin=J18-60
Added Pin To Net: NetName=B1_DAT10 Pin=J18-62
Added Pin To Net: NetName=B1_DAT11 Pin=J18-64
Added Pin To Net: NetName=B1_DAT12 Pin=J18-66
Added Pin To Net: NetName=B1_DAT13 Pin=J18-68
Added Pin To Net: NetName=B1_DAT14 Pin=J18-70
Added Pin To Net: NetName=B1_DAT15 Pin=J18-72
Added Pin To Net: NetName=B1_DAT16 Pin=J18-74
Added Pin To Net: NetName=B1_DAT17 Pin=J18-76
Added Pin To Net: NetName=B1_DAT18 Pin=J18-78
Added Pin To Net: NetName=B1_DAT19 Pin=J18-80
Added Pin To Net: NetName=B1_DAT20 Pin=J18-82
Added Pin To Net: NetName=B1_DAT21 Pin=J18-84
Added Pin To Net: NetName=B1_DAT22 Pin=J18-86
Added Pin To Net: NetName=B1_DAT23 Pin=J18-88
Added Pin To Net: NetName=B1_DAT24 Pin=J18-90
Added Pin To Net: NetName=B1_DAT25 Pin=J18-92
Added Pin To Net: NetName=B1_DAT26 Pin=J18-94
Added Pin To Net: NetName=V3P3 Pin=R?-1
Added Pin To Net: NetName=FPGA_INT_N Pin=R?-2
Added Pin To Net: NetName=FPGA_INT_N Pin=U2-T12
Added Pin To Net: NetName=FPGA_INT_N Pin=U8-R5
Added Net: Name=FPGA_INT_N
