Remove Pin=U8A-A1 From Net=B1_DAT
Remove Pin=U8A-A2 From Net=B1_DAT
Remove Pin=U8A-A5 From Net=B1_DAT
Remove Pin=U8A-A6 From Net=B1_DAT
Remove Pin=U8A-A7 From Net=B1_DAT
Remove Pin=U8A-A9 From Net=B1_DAT
Remove Pin=U8A-B4 From Net=B1_DAT
Remove Pin=U8A-B5 From Net=B1_DAT
Remove Pin=U8A-B6 From Net=B1_DAT
Remove Pin=U8A-B7 From Net=B1_DAT
Remove Pin=U8A-B9 From Net=B1_DAT
Remove Pin=U8A-C4 From Net=B1_DAT
Remove Pin=U8A-C5 From Net=B1_DAT
Remove Pin=U8A-C6 From Net=B1_DAT
Remove Pin=U8A-C7 From Net=B1_DAT
Remove Pin=U8A-D6 From Net=B1_DAT
Remove Pin=U8A-D7 From Net=B1_DAT
Remove Pin=U8A-E6 From Net=B1_DAT
Add Pin To Net: Pin=U8A-A1 Old Net=B1_DAT New Net=B1_DAT13
Add Pin To Net: Pin=U8A-A2 Old Net=B1_DAT New Net=B1_DAT14
Add Pin To Net: Pin=U8A-A5 Old Net=B1_DAT New Net=B1_DAT16
Add Pin To Net: Pin=U8A-A6 Old Net=B1_DAT New Net=B1_DAT18
Add Pin To Net: Pin=U8A-A7 Old Net=B1_DAT New Net=B1_DAT20
Add Pin To Net: Pin=U8A-A9 Old Net=B1_DAT New Net=B1_DAT23
Add Pin To Net: Pin=U8A-B4 Old Net=B1_DAT New Net=B1_DAT15
Add Pin To Net: Pin=U8A-B5 Old Net=B1_DAT New Net=B1_DAT17
Add Pin To Net: Pin=U8A-B6 Old Net=B1_DAT New Net=B1_DAT19
Add Pin To Net: Pin=U8A-B7 Old Net=B1_DAT New Net=B1_DAT21
Add Pin To Net: Pin=U8A-B9 Old Net=B1_DAT New Net=B1_DAT24
Add Pin To Net: Pin=U8A-C4 Old Net=B1_DAT New Net=B1_DAT6
Add Pin To Net: Pin=U8A-C5 Old Net=B1_DAT New Net=B1_DAT7
Add Pin To Net: Pin=U8A-C6 Old Net=B1_DAT New Net=B1_DAT9
Add Pin To Net: Pin=U8A-C7 Old Net=B1_DAT New Net=B1_DAT11
Add Pin To Net: Pin=U8A-D6 Old Net=B1_DAT New Net=B1_DAT8
Add Pin To Net: Pin=U8A-D7 Old Net=B1_DAT New Net=B1_DAT12
Add Pin To Net: Pin=U8A-E6 Old Net=B1_DAT New Net=B1_DAT10
